INFO  started: Metals version 0.8.1 in workspace '/home/stefan/Documents/github/Scala/HonsProject'
INFO  time: initialize in 0.93s
WARN  no build tool detected in workspace '/home/stefan/Documents/github/Scala/HonsProject'. The most common cause for this problem is that the editor was opened in the wrong working directory, for example if you use sbt then the workspace directory should contain build.sbt. 
WARN  no build target for: /home/stefan/Documents/github/Scala/HonsProject/PSO/swarm.scala
INFO  no build target: using presentation compiler with only scala-library
Mar 07, 2020 8:51:26 AM org.eclipse.lsp4j.jsonrpc.RemoteEndpoint handleCancellation
WARNING: Unmatched cancel notification for request id 18
WARN  no build target for: /home/stefan/Documents/github/Scala/HonsProject/PSO/swarm.scala
Mar 07, 2020 8:52:41 AM scala.meta.internal.pc.CompilerAccess retryWithCleanCompiler
INFO: compiler crashed due to an error in the Scala compiler, retrying with new compiler instance.
Mar 07, 2020 8:52:41 AM scala.meta.internal.pc.CompilerAccess handleError
SEVERE: null
java.lang.NullPointerException
	at scala.reflect.internal.Definitions$DefinitionsClass.isByNameParamType(Definitions.scala:417)
	at scala.reflect.internal.TreeInfo.isStableIdent(TreeInfo.scala:137)
	at scala.reflect.internal.TreeInfo.isStableIdentifier(TreeInfo.scala:113)
	at scala.reflect.internal.TreeInfo.isPath(TreeInfo.scala:102)
	at scala.reflect.internal.TreeInfo.admitsTypeSelection(TreeInfo.scala:155)
	at scala.tools.nsc.interactive.Global.stabilizedType(Global.scala:959)
	at scala.tools.nsc.interactive.Global.typedTreeAt(Global.scala:807)
	at scala.meta.internal.pc.SignatureHelpProvider.signatureHelp(SignatureHelpProvider.scala:22)

something's wrong: no file:///home/stefan/Documents/github/Scala/HonsProject/PSO/swarm.scala in Array[Double]RangePosition(file:///home/stefan/Documents/github/Scala/HonsProject/PSO/swarm.scala, 668, 668, 681)
something's wrong: no file:///home/stefan/Documents/github/Scala/HonsProject/PSO/swarm.scala in Array[Double]RangePosition(file:///home/stefan/Documents/github/Scala/HonsProject/PSO/swarm.scala, 559, 559, 572)
something's wrong: no file:///home/stefan/Documents/github/Scala/HonsProject/PSO/swarm.scala in Array[Double]RangePosition(file:///home/stefan/Documents/github/Scala/HonsProject/PSO/swarm.scala, 559, 559, 572)
something's wrong: no file:///home/stefan/Documents/github/Scala/HonsProject/PSO/swarm.scala in Array[<error>]RangePosition(file:///home/stefan/Documents/github/Scala/HonsProject/PSO/swarm.scala, 185, 185, 200)
something's wrong: no file:///home/stefan/Documents/github/Scala/HonsProject/PSO/swarm.scala in Array[<error>]RangePosition(file:///home/stefan/Documents/github/Scala/HonsProject/PSO/swarm.scala, 185, 185, 193)
something's wrong: no file:///home/stefan/Documents/github/Scala/HonsProject/PSO/swarm.scala in Array[<error>]RangePosition(file:///home/stefan/Documents/github/Scala/HonsProject/PSO/swarm.scala, 185, 185, 194)
something's wrong: no file:///home/stefan/Documents/github/Scala/HonsProject/PSO/swarm.scala in Array[<error>]RangePosition(file:///home/stefan/Documents/github/Scala/HonsProject/PSO/swarm.scala, 185, 185, 195)
something's wrong: no file:///home/stefan/Documents/github/Scala/HonsProject/PSO/swarm.scala in Array[Double]RangePosition(file:///home/stefan/Documents/github/Scala/HonsProject/PSO/swarm.scala, 185, 185, 198)
something's wrong: no file:///home/stefan/Documents/github/Scala/HonsProject/PSO/swarm.scala in Array[Double]RangePosition(file:///home/stefan/Documents/github/Scala/HonsProject/PSO/swarm.scala, 185, 185, 198)
something's wrong: no file:///home/stefan/Documents/github/Scala/HonsProject/PSO/swarm.scala in Array[Double]RangePosition(file:///home/stefan/Documents/github/Scala/HonsProject/PSO/swarm.scala, 185, 185, 198)
WARN  no build target for: /home/stefan/Documents/github/Scala/HonsProject/PSO/swarm.scala
Mar 07, 2020 8:58:00 AM scala.meta.internal.pc.CompilerAccess retryWithCleanCompiler
INFO: compiler crashed due to an error in the Scala compiler, retrying with new compiler instance.
Mar 07, 2020 8:58:00 AM scala.meta.internal.pc.CompilerAccess handleError
SEVERE: null
java.lang.NullPointerException
	at scala.reflect.internal.Definitions$DefinitionsClass.isByNameParamType(Definitions.scala:417)
	at scala.reflect.internal.TreeInfo.isStableIdent(TreeInfo.scala:137)
	at scala.reflect.internal.TreeInfo.isStableIdentifier(TreeInfo.scala:113)
	at scala.reflect.internal.TreeInfo.isPath(TreeInfo.scala:102)
	at scala.reflect.internal.TreeInfo.admitsTypeSelection(TreeInfo.scala:155)
	at scala.tools.nsc.interactive.Global.stabilizedType(Global.scala:959)
	at scala.tools.nsc.interactive.Global.typedTreeAt(Global.scala:807)
	at scala.meta.internal.pc.SignatureHelpProvider.signatureHelp(SignatureHelpProvider.scala:22)

WARN  no build tool detected in workspace '/home/stefan/Documents/github/Scala/HonsProject'. The most common cause for this problem is that the editor was opened in the wrong working directory, for example if you use sbt then the workspace directory should contain build.sbt. 
WARN  no build tool detected in workspace '/home/stefan/Documents/github/Scala/HonsProject'. The most common cause for this problem is that the editor was opened in the wrong working directory, for example if you use sbt then the workspace directory should contain build.sbt. 
WARN  no build tool detected in workspace '/home/stefan/Documents/github/Scala/HonsProject'. The most common cause for this problem is that the editor was opened in the wrong working directory, for example if you use sbt then the workspace directory should contain build.sbt. 
WARN  no build tool detected in workspace '/home/stefan/Documents/github/Scala/HonsProject'. The most common cause for this problem is that the editor was opened in the wrong working directory, for example if you use sbt then the workspace directory should contain build.sbt. 
WARN  no build target for: /home/stefan/Documents/github/Scala/HonsProject/PSO/swarm.scala
WARN  no build target for: /home/stefan/Documents/github/Scala/HonsProject/PSO/swarm.scala
WARN  no build target for: /home/stefan/Documents/github/Scala/HonsProject/PSO/swarm.scala
WARN  no build target for: /home/stefan/Documents/github/Scala/HonsProject/PSO/swarm.scala
WARN  no build target for: /home/stefan/Documents/github/Scala/HonsProject/PSO/swarm.scala
Mar 07, 2020 9:14:14 AM scala.meta.internal.pc.CompilerAccess retryWithCleanCompiler
INFO: compiler crashed due to an error in the Scala compiler, retrying with new compiler instance.
Mar 07, 2020 9:14:14 AM scala.meta.internal.pc.CompilerAccess handleError
SEVERE: null
java.lang.NullPointerException
	at scala.reflect.internal.Definitions$DefinitionsClass.isByNameParamType(Definitions.scala:417)
	at scala.reflect.internal.TreeInfo.isStableIdent(TreeInfo.scala:137)
	at scala.reflect.internal.TreeInfo.isStableIdentifier(TreeInfo.scala:113)
	at scala.reflect.internal.TreeInfo.isPath(TreeInfo.scala:102)
	at scala.reflect.internal.TreeInfo.admitsTypeSelection(TreeInfo.scala:155)
	at scala.tools.nsc.interactive.Global.stabilizedType(Global.scala:959)
	at scala.tools.nsc.interactive.Global.typedTreeAt(Global.scala:807)
	at scala.meta.internal.pc.SignatureHelpProvider.signatureHelp(SignatureHelpProvider.scala:22)

WARN  no build target for: /home/stefan/Documents/github/Scala/HonsProject/PSO/swarm.scala
WARN  no build target for: /home/stefan/Documents/github/Scala/HonsProject/PSO/swarm.scala
WARN  no build target for: /home/stefan/Documents/github/Scala/HonsProject/PSO/swarm.scala
WARN  no build target for: /home/stefan/Documents/github/Scala/HonsProject/PSO/main.scala
something's wrong: no file:///home/stefan/Documents/github/Scala/HonsProject/PSO/main.scala in Array[<error>]RangePosition(file:///home/stefan/Documents/github/Scala/HonsProject/PSO/main.scala, 346, 346, 361)
something's wrong: no file:///home/stefan/Documents/github/Scala/HonsProject/PSO/main.scala in Array[<error>]RangePosition(file:///home/stefan/Documents/github/Scala/HonsProject/PSO/main.scala, 346, 346, 353)
WARN  no build target for: /home/stefan/Documents/github/Scala/HonsProject/PSO/main.scala
WARN  no build target for: /home/stefan/Documents/github/Scala/HonsProject/PSO/test.scala
Mar 07, 2020 9:25:56 AM org.eclipse.lsp4j.jsonrpc.RemoteEndpoint fallbackResponseError
SEVERE: Internal error: java.lang.StringIndexOutOfBoundsException: String index out of range: -1
java.util.concurrent.CompletionException: java.lang.StringIndexOutOfBoundsException: String index out of range: -1
	at java.base/java.util.concurrent.CompletableFuture.encodeThrowable(CompletableFuture.java:331)
	at java.base/java.util.concurrent.CompletableFuture.completeThrowable(CompletableFuture.java:346)
	at java.base/java.util.concurrent.CompletableFuture$UniAccept.tryFire(CompletableFuture.java:704)
	at java.base/java.util.concurrent.CompletableFuture.postComplete(CompletableFuture.java:506)
	at java.base/java.util.concurrent.CompletableFuture.completeExceptionally(CompletableFuture.java:2088)
	at scala.meta.internal.metals.CancelTokens$.$anonfun$future$1(CancelTokens.scala:38)
	at scala.meta.internal.metals.CancelTokens$.$anonfun$future$1$adapted(CancelTokens.scala:36)
	at scala.concurrent.impl.CallbackRunnable.run(Promise.scala:64)
	at java.base/java.util.concurrent.ThreadPoolExecutor.runWorker(ThreadPoolExecutor.java:1128)
	at java.base/java.util.concurrent.ThreadPoolExecutor$Worker.run(ThreadPoolExecutor.java:628)
	at java.base/java.lang.Thread.run(Thread.java:834)
Caused by: java.lang.StringIndexOutOfBoundsException: String index out of range: -1
	at java.base/java.lang.StringLatin1.charAt(StringLatin1.java:47)
	at java.base/java.lang.String.charAt(String.java:693)
	at scala.collection.immutable.StringOps$.apply$extension(StringOps.scala:41)
	at scala.meta.internal.metals.MetalsEnrichments$XtensionString.lastIndexBetween(MetalsEnrichments.scala:411)
	at scala.meta.internal.metals.MultilineStringFormattingProvider.pipeInScope(MultilineStringFormattingProvider.scala:86)
	at scala.meta.internal.metals.MultilineStringFormattingProvider.$anonfun$withToken$1(MultilineStringFormattingProvider.scala:131)
	at scala.concurrent.Future$.$anonfun$apply$1(Future.scala:659)
	at scala.util.Success.$anonfun$map$1(Try.scala:255)
	at scala.util.Success.map(Try.scala:213)
	at scala.concurrent.Future.$anonfun$map$1(Future.scala:292)
	at scala.concurrent.impl.Promise.liftedTree1$1(Promise.scala:33)
	at scala.concurrent.impl.Promise.$anonfun$transform$1(Promise.scala:33)
	... 4 more

something's wrong: no file:///home/stefan/Documents/github/Scala/HonsProject/PSO/test.scala in Array[<error>]RangePosition(file:///home/stefan/Documents/github/Scala/HonsProject/PSO/test.scala, 62, 62, 77)
something's wrong: no file:///home/stefan/Documents/github/Scala/HonsProject/PSO/test.scala in Array[<error>]RangePosition(file:///home/stefan/Documents/github/Scala/HonsProject/PSO/test.scala, 62, 62, 70)
something's wrong: no file:///home/stefan/Documents/github/Scala/HonsProject/PSO/test.scala in Array[<error>]RangePosition(file:///home/stefan/Documents/github/Scala/HonsProject/PSO/test.scala, 62, 62, 71)
something's wrong: no file:///home/stefan/Documents/github/Scala/HonsProject/PSO/test.scala in Array[<error>]RangePosition(file:///home/stefan/Documents/github/Scala/HonsProject/PSO/test.scala, 62, 62, 72)
something's wrong: no file:///home/stefan/Documents/github/Scala/HonsProject/PSO/test.scala in Array[<error>]RangePosition(file:///home/stefan/Documents/github/Scala/HonsProject/PSO/test.scala, 62, 62, 74)
something's wrong: no file:///home/stefan/Documents/github/Scala/HonsProject/PSO/test.scala in Array[Double]RangePosition(file:///home/stefan/Documents/github/Scala/HonsProject/PSO/test.scala, 62, 62, 75)
something's wrong: no file:///home/stefan/Documents/github/Scala/HonsProject/PSO/test.scala in Array[Double]RangePosition(file:///home/stefan/Documents/github/Scala/HonsProject/PSO/test.scala, 62, 62, 75)
something's wrong: no file:///home/stefan/Documents/github/Scala/HonsProject/PSO/test.scala in Array[Double]RangePosition(file:///home/stefan/Documents/github/Scala/HonsProject/PSO/test.scala, 62, 62, 75)
WARN  no build tool detected in workspace '/home/stefan/Documents/github/Scala/HonsProject'. The most common cause for this problem is that the editor was opened in the wrong working directory, for example if you use sbt then the workspace directory should contain build.sbt. 
WARN  no build tool detected in workspace '/home/stefan/Documents/github/Scala/HonsProject'. The most common cause for this problem is that the editor was opened in the wrong working directory, for example if you use sbt then the workspace directory should contain build.sbt. 
WARN  no build tool detected in workspace '/home/stefan/Documents/github/Scala/HonsProject'. The most common cause for this problem is that the editor was opened in the wrong working directory, for example if you use sbt then the workspace directory should contain build.sbt. 
WARN  no build tool detected in workspace '/home/stefan/Documents/github/Scala/HonsProject'. The most common cause for this problem is that the editor was opened in the wrong working directory, for example if you use sbt then the workspace directory should contain build.sbt. 
WARN  no build tool detected in workspace '/home/stefan/Documents/github/Scala/HonsProject'. The most common cause for this problem is that the editor was opened in the wrong working directory, for example if you use sbt then the workspace directory should contain build.sbt. 
WARN  no build tool detected in workspace '/home/stefan/Documents/github/Scala/HonsProject'. The most common cause for this problem is that the editor was opened in the wrong working directory, for example if you use sbt then the workspace directory should contain build.sbt. 
WARN  no build tool detected in workspace '/home/stefan/Documents/github/Scala/HonsProject'. The most common cause for this problem is that the editor was opened in the wrong working directory, for example if you use sbt then the workspace directory should contain build.sbt. 
WARN  no build tool detected in workspace '/home/stefan/Documents/github/Scala/HonsProject'. The most common cause for this problem is that the editor was opened in the wrong working directory, for example if you use sbt then the workspace directory should contain build.sbt. 
WARN  no build tool detected in workspace '/home/stefan/Documents/github/Scala/HonsProject'. The most common cause for this problem is that the editor was opened in the wrong working directory, for example if you use sbt then the workspace directory should contain build.sbt. 
WARN  no build tool detected in workspace '/home/stefan/Documents/github/Scala/HonsProject'. The most common cause for this problem is that the editor was opened in the wrong working directory, for example if you use sbt then the workspace directory should contain build.sbt. 
WARN  no build target for: /home/stefan/Documents/github/Scala/HonsProject/PSO/test.scala
WARN  no build target for: /home/stefan/Documents/github/Scala/HonsProject/PSO/test.scala
WARN  no build target for: /home/stefan/Documents/github/Scala/HonsProject/PSO/test.scala
WARN  no build target for: /home/stefan/Documents/github/Scala/HonsProject/PSO/test.scala
WARN  no build target for: /home/stefan/Documents/github/Scala/HonsProject/PSO/test.scala
WARN  no build target for: /home/stefan/Documents/github/Scala/HonsProject/PSO/test.scala
WARN  no build tool detected in workspace '/home/stefan/Documents/github/Scala/HonsProject'. The most common cause for this problem is that the editor was opened in the wrong working directory, for example if you use sbt then the workspace directory should contain build.sbt. 
WARN  no build tool detected in workspace '/home/stefan/Documents/github/Scala/HonsProject'. The most common cause for this problem is that the editor was opened in the wrong working directory, for example if you use sbt then the workspace directory should contain build.sbt. 
WARN  no build tool detected in workspace '/home/stefan/Documents/github/Scala/HonsProject'. The most common cause for this problem is that the editor was opened in the wrong working directory, for example if you use sbt then the workspace directory should contain build.sbt. 
WARN  no build tool detected in workspace '/home/stefan/Documents/github/Scala/HonsProject'. The most common cause for this problem is that the editor was opened in the wrong working directory, for example if you use sbt then the workspace directory should contain build.sbt. 
WARN  no build target for: /home/stefan/Documents/github/Scala/HonsProject/PSO/test.scala
WARN  no build tool detected in workspace '/home/stefan/Documents/github/Scala/HonsProject'. The most common cause for this problem is that the editor was opened in the wrong working directory, for example if you use sbt then the workspace directory should contain build.sbt. 
WARN  no build tool detected in workspace '/home/stefan/Documents/github/Scala/HonsProject'. The most common cause for this problem is that the editor was opened in the wrong working directory, for example if you use sbt then the workspace directory should contain build.sbt. 
WARN  no build target for: /home/stefan/Documents/github/Scala/HonsProject/PSO/test.scala
WARN  no build target for: /home/stefan/Documents/github/Scala/HonsProject/PSO/test.scala
WARN  no build tool detected in workspace '/home/stefan/Documents/github/Scala/HonsProject'. The most common cause for this problem is that the editor was opened in the wrong working directory, for example if you use sbt then the workspace directory should contain build.sbt. 
WARN  no build tool detected in workspace '/home/stefan/Documents/github/Scala/HonsProject'. The most common cause for this problem is that the editor was opened in the wrong working directory, for example if you use sbt then the workspace directory should contain build.sbt. 
WARN  no build tool detected in workspace '/home/stefan/Documents/github/Scala/HonsProject'. The most common cause for this problem is that the editor was opened in the wrong working directory, for example if you use sbt then the workspace directory should contain build.sbt. 
WARN  no build tool detected in workspace '/home/stefan/Documents/github/Scala/HonsProject'. The most common cause for this problem is that the editor was opened in the wrong working directory, for example if you use sbt then the workspace directory should contain build.sbt. 
WARN  no build tool detected in workspace '/home/stefan/Documents/github/Scala/HonsProject'. The most common cause for this problem is that the editor was opened in the wrong working directory, for example if you use sbt then the workspace directory should contain build.sbt. 
WARN  no build tool detected in workspace '/home/stefan/Documents/github/Scala/HonsProject'. The most common cause for this problem is that the editor was opened in the wrong working directory, for example if you use sbt then the workspace directory should contain build.sbt. 
WARN  no build target for: /home/stefan/Documents/github/Scala/HonsProject/PSO/test.scala
WARN  no build tool detected in workspace '/home/stefan/Documents/github/Scala/HonsProject'. The most common cause for this problem is that the editor was opened in the wrong working directory, for example if you use sbt then the workspace directory should contain build.sbt. 
WARN  no build tool detected in workspace '/home/stefan/Documents/github/Scala/HonsProject'. The most common cause for this problem is that the editor was opened in the wrong working directory, for example if you use sbt then the workspace directory should contain build.sbt. 
WARN  no build tool detected in workspace '/home/stefan/Documents/github/Scala/HonsProject'. The most common cause for this problem is that the editor was opened in the wrong working directory, for example if you use sbt then the workspace directory should contain build.sbt. 
WARN  no build tool detected in workspace '/home/stefan/Documents/github/Scala/HonsProject'. The most common cause for this problem is that the editor was opened in the wrong working directory, for example if you use sbt then the workspace directory should contain build.sbt. 
WARN  no build target for: /home/stefan/Documents/github/Scala/HonsProject/PSO/test.scala
WARN  no build target for: /home/stefan/Documents/github/Scala/HonsProject/PSO/test.scala
WARN  no build target for: /home/stefan/Documents/github/Scala/HonsProject/PSO/test.scala
WARN  no build target for: /home/stefan/Documents/github/Scala/HonsProject/PSO/test.scala
WARN  no build target for: /home/stefan/Documents/github/Scala/HonsProject/PSO/test.scala
Mar 07, 2020 9:41:11 AM scala.meta.internal.pc.CompilerAccess handleError
SEVERE: offset 329, count -1, length 649
java.lang.StringIndexOutOfBoundsException: offset 329, count -1, length 649
	at java.base/java.lang.String.checkBoundsOffCount(String.java:3304)
	at java.base/java.lang.String.rangeCheck(String.java:280)
	at java.base/java.lang.String.<init>(String.java:276)
	at scala.tools.nsc.interactive.Global.typeCompletions$1(Global.scala:1230)
	at scala.tools.nsc.interactive.Global.completionsAt(Global.scala:1253)
	at scala.meta.internal.pc.SignatureHelpProvider.$anonfun$treeSymbol$1(SignatureHelpProvider.scala:369)
	at scala.Option.map(Option.scala:230)
	at scala.meta.internal.pc.SignatureHelpProvider.treeSymbol(SignatureHelpProvider.scala:368)
	at scala.meta.internal.pc.SignatureHelpProvider$MethodCall$.unapply(SignatureHelpProvider.scala:197)
	at scala.meta.internal.pc.SignatureHelpProvider$MethodCallTraverser.visit(SignatureHelpProvider.scala:305)
	at scala.meta.internal.pc.SignatureHelpProvider$MethodCallTraverser.traverse(SignatureHelpProvider.scala:300)
	at scala.meta.internal.pc.SignatureHelpProvider$MethodCallTraverser.fromTree(SignatureHelpProvider.scala:269)
	at scala.meta.internal.pc.SignatureHelpProvider.signatureHelp(SignatureHelpProvider.scala:26)

Mar 07, 2020 9:41:29 AM scala.meta.internal.pc.CompilerAccess handleError
SEVERE: offset 369, count -1, length 697
java.lang.StringIndexOutOfBoundsException: offset 369, count -1, length 697
	at java.base/java.lang.String.checkBoundsOffCount(String.java:3304)
	at java.base/java.lang.String.rangeCheck(String.java:280)
	at java.base/java.lang.String.<init>(String.java:276)
	at scala.tools.nsc.interactive.Global.typeCompletions$1(Global.scala:1230)
	at scala.tools.nsc.interactive.Global.completionsAt(Global.scala:1253)
	at scala.meta.internal.pc.SignatureHelpProvider.$anonfun$treeSymbol$1(SignatureHelpProvider.scala:369)
	at scala.Option.map(Option.scala:230)
	at scala.meta.internal.pc.SignatureHelpProvider.treeSymbol(SignatureHelpProvider.scala:368)
	at scala.meta.internal.pc.SignatureHelpProvider$MethodCall$.unapply(SignatureHelpProvider.scala:197)
	at scala.meta.internal.pc.SignatureHelpProvider$MethodCallTraverser.visit(SignatureHelpProvider.scala:305)
	at scala.meta.internal.pc.SignatureHelpProvider$MethodCallTraverser.traverse(SignatureHelpProvider.scala:300)
	at scala.meta.internal.pc.SignatureHelpProvider$MethodCallTraverser.fromTree(SignatureHelpProvider.scala:269)
	at scala.meta.internal.pc.SignatureHelpProvider.signatureHelp(SignatureHelpProvider.scala:26)

WARN  no build target for: /home/stefan/Documents/github/Scala/HonsProject/PSO/test.scala
WARN  no build target for: /home/stefan/Documents/github/Scala/HonsProject/PSO/test.scala
WARN  no build target for: /home/stefan/Documents/github/Scala/HonsProject/PSO/test.scala
WARN  no build target for: /home/stefan/Documents/github/Scala/HonsProject/PSO/test.scala
WARN  no build target for: /home/stefan/Documents/github/Scala/HonsProject/PSO/swarm.scala
WARN  no build target for: /home/stefan/Documents/github/Scala/HonsProject/PSO/test.scala
WARN  no build target for: /home/stefan/Documents/github/Scala/HonsProject/PSO/test.scala
WARN  no build tool detected in workspace '/home/stefan/Documents/github/Scala/HonsProject'. The most common cause for this problem is that the editor was opened in the wrong working directory, for example if you use sbt then the workspace directory should contain build.sbt. 
WARN  no build tool detected in workspace '/home/stefan/Documents/github/Scala/HonsProject'. The most common cause for this problem is that the editor was opened in the wrong working directory, for example if you use sbt then the workspace directory should contain build.sbt. 
WARN  no build target for: /home/stefan/Documents/github/Scala/HonsProject/PSO/swarm.scala
WARN  no build tool detected in workspace '/home/stefan/Documents/github/Scala/HonsProject'. The most common cause for this problem is that the editor was opened in the wrong working directory, for example if you use sbt then the workspace directory should contain build.sbt. 
WARN  no build tool detected in workspace '/home/stefan/Documents/github/Scala/HonsProject'. The most common cause for this problem is that the editor was opened in the wrong working directory, for example if you use sbt then the workspace directory should contain build.sbt. 
WARN  no build tool detected in workspace '/home/stefan/Documents/github/Scala/HonsProject'. The most common cause for this problem is that the editor was opened in the wrong working directory, for example if you use sbt then the workspace directory should contain build.sbt. 
WARN  no build tool detected in workspace '/home/stefan/Documents/github/Scala/HonsProject'. The most common cause for this problem is that the editor was opened in the wrong working directory, for example if you use sbt then the workspace directory should contain build.sbt. 
WARN  no build tool detected in workspace '/home/stefan/Documents/github/Scala/HonsProject'. The most common cause for this problem is that the editor was opened in the wrong working directory, for example if you use sbt then the workspace directory should contain build.sbt. 
WARN  no build tool detected in workspace '/home/stefan/Documents/github/Scala/HonsProject'. The most common cause for this problem is that the editor was opened in the wrong working directory, for example if you use sbt then the workspace directory should contain build.sbt. 
WARN  no build tool detected in workspace '/home/stefan/Documents/github/Scala/HonsProject'. The most common cause for this problem is that the editor was opened in the wrong working directory, for example if you use sbt then the workspace directory should contain build.sbt. 
WARN  no build tool detected in workspace '/home/stefan/Documents/github/Scala/HonsProject'. The most common cause for this problem is that the editor was opened in the wrong working directory, for example if you use sbt then the workspace directory should contain build.sbt. 
WARN  no build tool detected in workspace '/home/stefan/Documents/github/Scala/HonsProject'. The most common cause for this problem is that the editor was opened in the wrong working directory, for example if you use sbt then the workspace directory should contain build.sbt. 
WARN  no build tool detected in workspace '/home/stefan/Documents/github/Scala/HonsProject'. The most common cause for this problem is that the editor was opened in the wrong working directory, for example if you use sbt then the workspace directory should contain build.sbt. 
WARN  no build target for: /home/stefan/Documents/github/Scala/HonsProject/PSO/test.scala
WARN  no build tool detected in workspace '/home/stefan/Documents/github/Scala/HonsProject'. The most common cause for this problem is that the editor was opened in the wrong working directory, for example if you use sbt then the workspace directory should contain build.sbt. 
WARN  no build tool detected in workspace '/home/stefan/Documents/github/Scala/HonsProject'. The most common cause for this problem is that the editor was opened in the wrong working directory, for example if you use sbt then the workspace directory should contain build.sbt. 
WARN  no build tool detected in workspace '/home/stefan/Documents/github/Scala/HonsProject'. The most common cause for this problem is that the editor was opened in the wrong working directory, for example if you use sbt then the workspace directory should contain build.sbt. 
WARN  no build tool detected in workspace '/home/stefan/Documents/github/Scala/HonsProject'. The most common cause for this problem is that the editor was opened in the wrong working directory, for example if you use sbt then the workspace directory should contain build.sbt. 
WARN  no build tool detected in workspace '/home/stefan/Documents/github/Scala/HonsProject'. The most common cause for this problem is that the editor was opened in the wrong working directory, for example if you use sbt then the workspace directory should contain build.sbt. 
WARN  no build tool detected in workspace '/home/stefan/Documents/github/Scala/HonsProject'. The most common cause for this problem is that the editor was opened in the wrong working directory, for example if you use sbt then the workspace directory should contain build.sbt. 
WARN  no build tool detected in workspace '/home/stefan/Documents/github/Scala/HonsProject'. The most common cause for this problem is that the editor was opened in the wrong working directory, for example if you use sbt then the workspace directory should contain build.sbt. 
WARN  no build tool detected in workspace '/home/stefan/Documents/github/Scala/HonsProject'. The most common cause for this problem is that the editor was opened in the wrong working directory, for example if you use sbt then the workspace directory should contain build.sbt. 
WARN  no build target for: /home/stefan/Documents/github/Scala/HonsProject/PSO/test.scala
WARN  no build target for: /home/stefan/Documents/github/Scala/HonsProject/PSO/test.scala
WARN  no build target for: /home/stefan/Documents/github/Scala/HonsProject/PSO/test.scala
WARN  no build target for: /home/stefan/Documents/github/Scala/HonsProject/PSO/test.scala
WARN  no build target for: /home/stefan/Documents/github/Scala/HonsProject/PSO/test.scala
WARN  no build target for: /home/stefan/Documents/github/Scala/HonsProject/PSO/test.scala
WARN  no build target for: /home/stefan/Documents/github/Scala/HonsProject/PSO/test.scala
WARN  no build target for: /home/stefan/Documents/github/Scala/HonsProject/PSO/test.scala
WARN  no build target for: /home/stefan/Documents/github/Scala/HonsProject/PSO/test.scala
WARN  no build target for: /home/stefan/Documents/github/Scala/HonsProject/PSO/test.scala
Mar 07, 2020 10:02:28 AM scala.meta.internal.pc.CompilerAccess handleError
SEVERE: offset 864, count -1, length 943
java.lang.StringIndexOutOfBoundsException: offset 864, count -1, length 943
	at java.base/java.lang.String.checkBoundsOffCount(String.java:3304)
	at java.base/java.lang.String.rangeCheck(String.java:280)
	at java.base/java.lang.String.<init>(String.java:276)
	at scala.tools.nsc.interactive.Global.typeCompletions$1(Global.scala:1230)
	at scala.tools.nsc.interactive.Global.completionsAt(Global.scala:1253)
	at scala.meta.internal.pc.SignatureHelpProvider.$anonfun$treeSymbol$1(SignatureHelpProvider.scala:369)
	at scala.Option.map(Option.scala:230)
	at scala.meta.internal.pc.SignatureHelpProvider.treeSymbol(SignatureHelpProvider.scala:368)
	at scala.meta.internal.pc.SignatureHelpProvider$MethodCall$.unapply(SignatureHelpProvider.scala:197)
	at scala.meta.internal.pc.SignatureHelpProvider$MethodCallTraverser.visit(SignatureHelpProvider.scala:305)
	at scala.meta.internal.pc.SignatureHelpProvider$MethodCallTraverser.traverse(SignatureHelpProvider.scala:300)
	at scala.meta.internal.pc.SignatureHelpProvider$MethodCallTraverser.fromTree(SignatureHelpProvider.scala:269)
	at scala.meta.internal.pc.SignatureHelpProvider.signatureHelp(SignatureHelpProvider.scala:26)

WARN  no build target for: /home/stefan/Documents/github/Scala/HonsProject/PSO/test.scala
WARN  no build target for: /home/stefan/Documents/github/Scala/HonsProject/PSO/test.scala
WARN  no build tool detected in workspace '/home/stefan/Documents/github/Scala/HonsProject'. The most common cause for this problem is that the editor was opened in the wrong working directory, for example if you use sbt then the workspace directory should contain build.sbt. 
WARN  no build tool detected in workspace '/home/stefan/Documents/github/Scala/HonsProject'. The most common cause for this problem is that the editor was opened in the wrong working directory, for example if you use sbt then the workspace directory should contain build.sbt. 
WARN  no build target for: /home/stefan/Documents/github/Scala/HonsProject/PSO/swarm.scala
WARN  no build target for: /home/stefan/Documents/github/Scala/HonsProject/PSO/swarm.scala
WARN  no build target for: /home/stefan/Documents/github/Scala/HonsProject/PSO/test.scala
WARN  no build target for: /home/stefan/Documents/github/Scala/HonsProject/PSO/test.scala
Mar 07, 2020 10:13:38 AM scala.meta.internal.pc.CompilerAccess handleError
SEVERE: offset 813, count -1, length 919
java.lang.StringIndexOutOfBoundsException: offset 813, count -1, length 919
	at java.base/java.lang.String.checkBoundsOffCount(String.java:3304)
	at java.base/java.lang.String.rangeCheck(String.java:280)
	at java.base/java.lang.String.<init>(String.java:276)
	at scala.tools.nsc.interactive.Global.typeCompletions$1(Global.scala:1230)
	at scala.tools.nsc.interactive.Global.completionsAt(Global.scala:1253)
	at scala.meta.internal.pc.SignatureHelpProvider.$anonfun$treeSymbol$1(SignatureHelpProvider.scala:369)
	at scala.Option.map(Option.scala:230)
	at scala.meta.internal.pc.SignatureHelpProvider.treeSymbol(SignatureHelpProvider.scala:368)
	at scala.meta.internal.pc.SignatureHelpProvider$MethodCall$.unapply(SignatureHelpProvider.scala:197)
	at scala.meta.internal.pc.SignatureHelpProvider$MethodCallTraverser.visit(SignatureHelpProvider.scala:305)
	at scala.meta.internal.pc.SignatureHelpProvider$MethodCallTraverser.traverse(SignatureHelpProvider.scala:300)
	at scala.meta.internal.pc.SignatureHelpProvider$MethodCallTraverser.fromTree(SignatureHelpProvider.scala:269)
	at scala.meta.internal.pc.SignatureHelpProvider.signatureHelp(SignatureHelpProvider.scala:26)

WARN  no build target for: /home/stefan/Documents/github/Scala/HonsProject/PSO/test.scala
WARN  no build target for: /home/stefan/Documents/github/Scala/HonsProject/PSO/test.scala
WARN  no build target for: /home/stefan/Documents/github/Scala/HonsProject/PSO/test.scala
WARN  no build target for: /home/stefan/Documents/github/Scala/HonsProject/PSO/test.scala
WARN  no build target for: /home/stefan/Documents/github/Scala/HonsProject/PSO/test.scala
WARN  no build tool detected in workspace '/home/stefan/Documents/github/Scala/HonsProject'. The most common cause for this problem is that the editor was opened in the wrong working directory, for example if you use sbt then the workspace directory should contain build.sbt. 
WARN  no build tool detected in workspace '/home/stefan/Documents/github/Scala/HonsProject'. The most common cause for this problem is that the editor was opened in the wrong working directory, for example if you use sbt then the workspace directory should contain build.sbt. 
WARN  no build target for: /home/stefan/Documents/github/Scala/HonsProject/PSO/test.scala
WARN  no build target for: /home/stefan/Documents/github/Scala/HonsProject/PSO/swarm.scala
WARN  no build target for: /home/stefan/Documents/github/Scala/HonsProject/PSO/swarm.scala
WARN  no build tool detected in workspace '/home/stefan/Documents/github/Scala/HonsProject'. The most common cause for this problem is that the editor was opened in the wrong working directory, for example if you use sbt then the workspace directory should contain build.sbt. 
WARN  no build tool detected in workspace '/home/stefan/Documents/github/Scala/HonsProject'. The most common cause for this problem is that the editor was opened in the wrong working directory, for example if you use sbt then the workspace directory should contain build.sbt. 
WARN  no build tool detected in workspace '/home/stefan/Documents/github/Scala/HonsProject'. The most common cause for this problem is that the editor was opened in the wrong working directory, for example if you use sbt then the workspace directory should contain build.sbt. 
WARN  no build tool detected in workspace '/home/stefan/Documents/github/Scala/HonsProject'. The most common cause for this problem is that the editor was opened in the wrong working directory, for example if you use sbt then the workspace directory should contain build.sbt. 
WARN  no build target for: /home/stefan/Documents/github/Scala/HonsProject/PSO/swarm.scala
something's wrong: no file:///home/stefan/Documents/github/Scala/HonsProject/PSO/test.scala in Array[Double]RangePosition(file:///home/stefan/Documents/github/Scala/HonsProject/PSO/test.scala, 315, 315, 328)
WARN  no build tool detected in workspace '/home/stefan/Documents/github/Scala/HonsProject'. The most common cause for this problem is that the editor was opened in the wrong working directory, for example if you use sbt then the workspace directory should contain build.sbt. 
WARN  no build tool detected in workspace '/home/stefan/Documents/github/Scala/HonsProject'. The most common cause for this problem is that the editor was opened in the wrong working directory, for example if you use sbt then the workspace directory should contain build.sbt. 
WARN  no build tool detected in workspace '/home/stefan/Documents/github/Scala/HonsProject'. The most common cause for this problem is that the editor was opened in the wrong working directory, for example if you use sbt then the workspace directory should contain build.sbt. 
WARN  no build tool detected in workspace '/home/stefan/Documents/github/Scala/HonsProject'. The most common cause for this problem is that the editor was opened in the wrong working directory, for example if you use sbt then the workspace directory should contain build.sbt. 
WARN  no build tool detected in workspace '/home/stefan/Documents/github/Scala/HonsProject'. The most common cause for this problem is that the editor was opened in the wrong working directory, for example if you use sbt then the workspace directory should contain build.sbt. 
WARN  no build tool detected in workspace '/home/stefan/Documents/github/Scala/HonsProject'. The most common cause for this problem is that the editor was opened in the wrong working directory, for example if you use sbt then the workspace directory should contain build.sbt. 
WARN  no build target for: /home/stefan/Documents/github/Scala/HonsProject/PSO/test.scala
WARN  no build tool detected in workspace '/home/stefan/Documents/github/Scala/HonsProject'. The most common cause for this problem is that the editor was opened in the wrong working directory, for example if you use sbt then the workspace directory should contain build.sbt. 
WARN  no build tool detected in workspace '/home/stefan/Documents/github/Scala/HonsProject'. The most common cause for this problem is that the editor was opened in the wrong working directory, for example if you use sbt then the workspace directory should contain build.sbt. 
WARN  no build tool detected in workspace '/home/stefan/Documents/github/Scala/HonsProject'. The most common cause for this problem is that the editor was opened in the wrong working directory, for example if you use sbt then the workspace directory should contain build.sbt. 
WARN  no build tool detected in workspace '/home/stefan/Documents/github/Scala/HonsProject'. The most common cause for this problem is that the editor was opened in the wrong working directory, for example if you use sbt then the workspace directory should contain build.sbt. 
WARN  no build target for: /home/stefan/Documents/github/Scala/HonsProject/PSO/test.scala
WARN  no build tool detected in workspace '/home/stefan/Documents/github/Scala/HonsProject'. The most common cause for this problem is that the editor was opened in the wrong working directory, for example if you use sbt then the workspace directory should contain build.sbt. 
WARN  no build tool detected in workspace '/home/stefan/Documents/github/Scala/HonsProject'. The most common cause for this problem is that the editor was opened in the wrong working directory, for example if you use sbt then the workspace directory should contain build.sbt. 
WARN  no build target for: /home/stefan/Documents/github/Scala/HonsProject/PSO/test.scala
WARN  no build tool detected in workspace '/home/stefan/Documents/github/Scala/HonsProject'. The most common cause for this problem is that the editor was opened in the wrong working directory, for example if you use sbt then the workspace directory should contain build.sbt. 
WARN  no build tool detected in workspace '/home/stefan/Documents/github/Scala/HonsProject'. The most common cause for this problem is that the editor was opened in the wrong working directory, for example if you use sbt then the workspace directory should contain build.sbt. 
WARN  no build target for: /home/stefan/Documents/github/Scala/HonsProject/PSO/test.scala
WARN  no build tool detected in workspace '/home/stefan/Documents/github/Scala/HonsProject'. The most common cause for this problem is that the editor was opened in the wrong working directory, for example if you use sbt then the workspace directory should contain build.sbt. 
WARN  no build tool detected in workspace '/home/stefan/Documents/github/Scala/HonsProject'. The most common cause for this problem is that the editor was opened in the wrong working directory, for example if you use sbt then the workspace directory should contain build.sbt. 
WARN  no build tool detected in workspace '/home/stefan/Documents/github/Scala/HonsProject'. The most common cause for this problem is that the editor was opened in the wrong working directory, for example if you use sbt then the workspace directory should contain build.sbt. 
WARN  no build tool detected in workspace '/home/stefan/Documents/github/Scala/HonsProject'. The most common cause for this problem is that the editor was opened in the wrong working directory, for example if you use sbt then the workspace directory should contain build.sbt. 
WARN  no build tool detected in workspace '/home/stefan/Documents/github/Scala/HonsProject'. The most common cause for this problem is that the editor was opened in the wrong working directory, for example if you use sbt then the workspace directory should contain build.sbt. 
WARN  no build tool detected in workspace '/home/stefan/Documents/github/Scala/HonsProject'. The most common cause for this problem is that the editor was opened in the wrong working directory, for example if you use sbt then the workspace directory should contain build.sbt. 
WARN  no build target for: /home/stefan/Documents/github/Scala/HonsProject/PSO/test.scala
WARN  no build target for: /home/stefan/Documents/github/Scala/HonsProject/PSO/test.scala
WARN  no build target for: /home/stefan/Documents/github/Scala/HonsProject/PSO/test.scala
WARN  no build target for: /home/stefan/Documents/github/Scala/HonsProject/PSO/test.scala
WARN  no build target for: /home/stefan/Documents/github/Scala/HonsProject/PSO/test.scala
WARN  no build target for: /home/stefan/Documents/github/Scala/HonsProject/PSO/test.scala
WARN  no build tool detected in workspace '/home/stefan/Documents/github/Scala/HonsProject'. The most common cause for this problem is that the editor was opened in the wrong working directory, for example if you use sbt then the workspace directory should contain build.sbt. 
WARN  no build tool detected in workspace '/home/stefan/Documents/github/Scala/HonsProject'. The most common cause for this problem is that the editor was opened in the wrong working directory, for example if you use sbt then the workspace directory should contain build.sbt. 
WARN  no build target for: /home/stefan/Documents/github/Scala/HonsProject/PSO/swarm.scala
WARN  no build tool detected in workspace '/home/stefan/Documents/github/Scala/HonsProject'. The most common cause for this problem is that the editor was opened in the wrong working directory, for example if you use sbt then the workspace directory should contain build.sbt. 
WARN  no build tool detected in workspace '/home/stefan/Documents/github/Scala/HonsProject'. The most common cause for this problem is that the editor was opened in the wrong working directory, for example if you use sbt then the workspace directory should contain build.sbt. 
WARN  no build tool detected in workspace '/home/stefan/Documents/github/Scala/HonsProject'. The most common cause for this problem is that the editor was opened in the wrong working directory, for example if you use sbt then the workspace directory should contain build.sbt. 
WARN  no build tool detected in workspace '/home/stefan/Documents/github/Scala/HonsProject'. The most common cause for this problem is that the editor was opened in the wrong working directory, for example if you use sbt then the workspace directory should contain build.sbt. 
WARN  no build target for: /home/stefan/Documents/github/Scala/HonsProject/PSO/swarm.scala
WARN  no build target for: /home/stefan/Documents/github/Scala/HonsProject/PSO/swarm.scala
WARN  no build tool detected in workspace '/home/stefan/Documents/github/Scala/HonsProject'. The most common cause for this problem is that the editor was opened in the wrong working directory, for example if you use sbt then the workspace directory should contain build.sbt. 
WARN  no build tool detected in workspace '/home/stefan/Documents/github/Scala/HonsProject'. The most common cause for this problem is that the editor was opened in the wrong working directory, for example if you use sbt then the workspace directory should contain build.sbt. 
Mar 07, 2020 11:36:32 AM scala.meta.internal.pc.CompletionProvider expected$1
WARNING: offset 3030, count -1, length 6661
WARN  no build target for: /home/stefan/Documents/github/Scala/HonsProject/PSO/swarm.scala
something's wrong: no file:///home/stefan/Documents/github/Scala/HonsProject/PSO/swarm.scala in Array[Double]RangePosition(file:///home/stefan/Documents/github/Scala/HonsProject/PSO/swarm.scala, 933, 933, 946)
WARN  no build target for: /home/stefan/Documents/github/Scala/HonsProject/PSO/swarm.scala
something's wrong: no file:///home/stefan/Documents/github/Scala/HonsProject/PSO/swarm.scala in Array[Double]RangePosition(file:///home/stefan/Documents/github/Scala/HonsProject/PSO/swarm.scala, 932, 932, 945)
something's wrong: no file:///home/stefan/Documents/github/Scala/HonsProject/PSO/swarm.scala in Array[Double]RangePosition(file:///home/stefan/Documents/github/Scala/HonsProject/PSO/swarm.scala, 932, 932, 945)
something's wrong: no file:///home/stefan/Documents/github/Scala/HonsProject/PSO/swarm.scala in Array[Double]RangePosition(file:///home/stefan/Documents/github/Scala/HonsProject/PSO/swarm.scala, 932, 932, 945)
WARN  no build target for: /home/stefan/Documents/github/Scala/HonsProject/PSO/swarm.scala
WARN  no build target for: /home/stefan/Documents/github/Scala/HonsProject/PSO/swarm.scala
WARN  no build target for: /home/stefan/Documents/github/Scala/HonsProject/PSO/swarm.scala
something's wrong: no file:///home/stefan/Documents/github/Scala/HonsProject/PSO/swarm.scala in Array[<error>]RangePosition(file:///home/stefan/Documents/github/Scala/HonsProject/PSO/swarm.scala, 936, 936, 951)
something's wrong: no file:///home/stefan/Documents/github/Scala/HonsProject/PSO/swarm.scala in Array[<error>]RangePosition(file:///home/stefan/Documents/github/Scala/HonsProject/PSO/swarm.scala, 936, 936, 944)
something's wrong: no file:///home/stefan/Documents/github/Scala/HonsProject/PSO/swarm.scala in Array[<error>]RangePosition(file:///home/stefan/Documents/github/Scala/HonsProject/PSO/swarm.scala, 936, 936, 945)
something's wrong: no file:///home/stefan/Documents/github/Scala/HonsProject/PSO/swarm.scala in Array[<error>]RangePosition(file:///home/stefan/Documents/github/Scala/HonsProject/PSO/swarm.scala, 936, 936, 946)
something's wrong: no file:///home/stefan/Documents/github/Scala/HonsProject/PSO/swarm.scala in Array[Double]RangePosition(file:///home/stefan/Documents/github/Scala/HonsProject/PSO/swarm.scala, 936, 936, 949)
something's wrong: no file:///home/stefan/Documents/github/Scala/HonsProject/PSO/swarm.scala in Array[Double]RangePosition(file:///home/stefan/Documents/github/Scala/HonsProject/PSO/swarm.scala, 936, 936, 949)
something's wrong: no file:///home/stefan/Documents/github/Scala/HonsProject/PSO/swarm.scala in Array[Double]RangePosition(file:///home/stefan/Documents/github/Scala/HonsProject/PSO/swarm.scala, 936, 936, 949)
WARN  no build target for: /home/stefan/Documents/github/Scala/HonsProject/PSO/swarm.scala
something's wrong: no file:///home/stefan/Documents/github/Scala/HonsProject/PSO/swarm.scala in Array[<error>]RangePosition(file:///home/stefan/Documents/github/Scala/HonsProject/PSO/swarm.scala, 1056, 1056, 1071)
something's wrong: no file:///home/stefan/Documents/github/Scala/HonsProject/PSO/swarm.scala in Array[<error>]RangePosition(file:///home/stefan/Documents/github/Scala/HonsProject/PSO/swarm.scala, 1056, 1056, 1064)
something's wrong: no file:///home/stefan/Documents/github/Scala/HonsProject/PSO/swarm.scala in Array[<error>]RangePosition(file:///home/stefan/Documents/github/Scala/HonsProject/PSO/swarm.scala, 1056, 1056, 1065)
something's wrong: no file:///home/stefan/Documents/github/Scala/HonsProject/PSO/swarm.scala in Array[<error>]RangePosition(file:///home/stefan/Documents/github/Scala/HonsProject/PSO/swarm.scala, 1056, 1056, 1066)
something's wrong: no file:///home/stefan/Documents/github/Scala/HonsProject/PSO/swarm.scala in Array[<error>]RangePosition(file:///home/stefan/Documents/github/Scala/HonsProject/PSO/swarm.scala, 1056, 1056, 1067)
something's wrong: no file:///home/stefan/Documents/github/Scala/HonsProject/PSO/swarm.scala in Array[<error>]RangePosition(file:///home/stefan/Documents/github/Scala/HonsProject/PSO/swarm.scala, 1056, 1056, 1068)
something's wrong: no file:///home/stefan/Documents/github/Scala/HonsProject/PSO/swarm.scala in Array[Double]RangePosition(file:///home/stefan/Documents/github/Scala/HonsProject/PSO/swarm.scala, 1056, 1056, 1069)
something's wrong: no file:///home/stefan/Documents/github/Scala/HonsProject/PSO/swarm.scala in Array[Double]RangePosition(file:///home/stefan/Documents/github/Scala/HonsProject/PSO/swarm.scala, 1056, 1056, 1069)
something's wrong: no file:///home/stefan/Documents/github/Scala/HonsProject/PSO/swarm.scala in Array[Double]RangePosition(file:///home/stefan/Documents/github/Scala/HonsProject/PSO/swarm.scala, 1056, 1056, 1069)
something's wrong: no file:///home/stefan/Documents/github/Scala/HonsProject/PSO/swarm.scala in Array[<error>]RangePosition(file:///home/stefan/Documents/github/Scala/HonsProject/PSO/swarm.scala, 5228, 5228, 5243)
something's wrong: no file:///home/stefan/Documents/github/Scala/HonsProject/PSO/swarm.scala in Array[<error>]RangePosition(file:///home/stefan/Documents/github/Scala/HonsProject/PSO/swarm.scala, 5228, 5228, 5236)
something's wrong: no file:///home/stefan/Documents/github/Scala/HonsProject/PSO/swarm.scala in Array[<error>]RangePosition(file:///home/stefan/Documents/github/Scala/HonsProject/PSO/swarm.scala, 5228, 5228, 5237)
something's wrong: no file:///home/stefan/Documents/github/Scala/HonsProject/PSO/swarm.scala in Array[<error>]RangePosition(file:///home/stefan/Documents/github/Scala/HonsProject/PSO/swarm.scala, 5228, 5228, 5238)
something's wrong: no file:///home/stefan/Documents/github/Scala/HonsProject/PSO/swarm.scala in Array[<error>]RangePosition(file:///home/stefan/Documents/github/Scala/HonsProject/PSO/swarm.scala, 5228, 5228, 5239)
something's wrong: no file:///home/stefan/Documents/github/Scala/HonsProject/PSO/swarm.scala in Array[<error>]RangePosition(file:///home/stefan/Documents/github/Scala/HonsProject/PSO/swarm.scala, 5228, 5228, 5240)
something's wrong: no file:///home/stefan/Documents/github/Scala/HonsProject/PSO/swarm.scala in Array[Double]RangePosition(file:///home/stefan/Documents/github/Scala/HonsProject/PSO/swarm.scala, 5228, 5228, 5241)
something's wrong: no file:///home/stefan/Documents/github/Scala/HonsProject/PSO/swarm.scala in Array[Double]RangePosition(file:///home/stefan/Documents/github/Scala/HonsProject/PSO/swarm.scala, 5228, 5228, 5241)
something's wrong: no file:///home/stefan/Documents/github/Scala/HonsProject/PSO/swarm.scala in Array[Double]RangePosition(file:///home/stefan/Documents/github/Scala/HonsProject/PSO/swarm.scala, 5228, 5228, 5241)
Mar 07, 2020 11:53:47 AM scala.meta.internal.pc.CompilerAccess retryWithCleanCompiler
INFO: compiler crashed due to an error in the Scala compiler, retrying with new compiler instance.
Mar 07, 2020 11:53:47 AM scala.meta.internal.pc.CompilerAccess handleError
SEVERE: null
java.lang.NullPointerException
	at scala.reflect.internal.Definitions$DefinitionsClass.isByNameParamType(Definitions.scala:417)
	at scala.reflect.internal.TreeInfo.isStableIdent(TreeInfo.scala:137)
	at scala.reflect.internal.TreeInfo.isStableIdentifier(TreeInfo.scala:113)
	at scala.reflect.internal.TreeInfo.isPath(TreeInfo.scala:102)
	at scala.reflect.internal.TreeInfo.admitsTypeSelection(TreeInfo.scala:155)
	at scala.tools.nsc.interactive.Global.stabilizedType(Global.scala:959)
	at scala.tools.nsc.interactive.Global.typedTreeAt(Global.scala:807)
	at scala.meta.internal.pc.SignatureHelpProvider.signatureHelp(SignatureHelpProvider.scala:22)

WARN  no build target for: /home/stefan/Documents/github/Scala/HonsProject/PSO/swarm.scala
WARN  no build target for: /home/stefan/Documents/github/Scala/HonsProject/PSO/swarm.scala
WARN  no build tool detected in workspace '/home/stefan/Documents/github/Scala/HonsProject'. The most common cause for this problem is that the editor was opened in the wrong working directory, for example if you use sbt then the workspace directory should contain build.sbt. 
WARN  no build tool detected in workspace '/home/stefan/Documents/github/Scala/HonsProject'. The most common cause for this problem is that the editor was opened in the wrong working directory, for example if you use sbt then the workspace directory should contain build.sbt. 
WARN  no build tool detected in workspace '/home/stefan/Documents/github/Scala/HonsProject'. The most common cause for this problem is that the editor was opened in the wrong working directory, for example if you use sbt then the workspace directory should contain build.sbt. 
WARN  no build tool detected in workspace '/home/stefan/Documents/github/Scala/HonsProject'. The most common cause for this problem is that the editor was opened in the wrong working directory, for example if you use sbt then the workspace directory should contain build.sbt. 
WARN  no build target for: /home/stefan/Documents/github/Scala/HonsProject/PSO/swarm.scala
Mar 07, 2020 11:59:57 AM scala.meta.internal.pc.CompilerAccess retryWithCleanCompiler
INFO: compiler crashed due to an error in the Scala compiler, retrying with new compiler instance.
Mar 07, 2020 11:59:57 AM scala.meta.internal.pc.CompilerAccess handleError
SEVERE: null
java.lang.NullPointerException
	at scala.reflect.internal.Definitions$DefinitionsClass.isByNameParamType(Definitions.scala:417)
	at scala.reflect.internal.TreeInfo.isStableIdent(TreeInfo.scala:137)
	at scala.reflect.internal.TreeInfo.isStableIdentifier(TreeInfo.scala:113)
	at scala.reflect.internal.TreeInfo.isPath(TreeInfo.scala:102)
	at scala.reflect.internal.TreeInfo.admitsTypeSelection(TreeInfo.scala:155)
	at scala.tools.nsc.interactive.Global.stabilizedType(Global.scala:959)
	at scala.tools.nsc.interactive.Global.typedTreeAt(Global.scala:807)
	at scala.meta.internal.pc.SignatureHelpProvider.signatureHelp(SignatureHelpProvider.scala:22)

Mar 07, 2020 12:02:08 PM org.eclipse.lsp4j.jsonrpc.RemoteEndpoint handleCancellation
WARNING: Unmatched cancel notification for request id 11368
something's wrong: no file:///home/stefan/Documents/github/Scala/HonsProject/PSO/swarm.scala in Array[<error>]RangePosition(file:///home/stefan/Documents/github/Scala/HonsProject/PSO/swarm.scala, 5221, 5221, 5236)
something's wrong: no file:///home/stefan/Documents/github/Scala/HonsProject/PSO/swarm.scala in Array[<error>]RangePosition(file:///home/stefan/Documents/github/Scala/HonsProject/PSO/swarm.scala, 5221, 5221, 5229)
something's wrong: no file:///home/stefan/Documents/github/Scala/HonsProject/PSO/swarm.scala in Array[<error>]RangePosition(file:///home/stefan/Documents/github/Scala/HonsProject/PSO/swarm.scala, 5221, 5221, 5230)
something's wrong: no file:///home/stefan/Documents/github/Scala/HonsProject/PSO/swarm.scala in Array[<error>]RangePosition(file:///home/stefan/Documents/github/Scala/HonsProject/PSO/swarm.scala, 5221, 5221, 5231)
something's wrong: no file:///home/stefan/Documents/github/Scala/HonsProject/PSO/swarm.scala in Array[<error>]RangePosition(file:///home/stefan/Documents/github/Scala/HonsProject/PSO/swarm.scala, 5221, 5221, 5233)
something's wrong: no file:///home/stefan/Documents/github/Scala/HonsProject/PSO/swarm.scala in Array[Double]RangePosition(file:///home/stefan/Documents/github/Scala/HonsProject/PSO/swarm.scala, 5221, 5221, 5234)
something's wrong: no file:///home/stefan/Documents/github/Scala/HonsProject/PSO/swarm.scala in Array[Double]RangePosition(file:///home/stefan/Documents/github/Scala/HonsProject/PSO/swarm.scala, 5221, 5221, 5234)
WARN  no build target for: /home/stefan/Documents/github/Scala/HonsProject/PSO/swarm.scala
WARN  no build target for: /home/stefan/Documents/github/Scala/HonsProject/PSO/swarm.scala
WARN  no build tool detected in workspace '/home/stefan/Documents/github/Scala/HonsProject'. The most common cause for this problem is that the editor was opened in the wrong working directory, for example if you use sbt then the workspace directory should contain build.sbt. 
WARN  no build tool detected in workspace '/home/stefan/Documents/github/Scala/HonsProject'. The most common cause for this problem is that the editor was opened in the wrong working directory, for example if you use sbt then the workspace directory should contain build.sbt. 
WARN  no build target for: /home/stefan/Documents/github/Scala/HonsProject/PSO/swarm.scala
WARN  no build target for: /home/stefan/Documents/github/Scala/HonsProject/PSO/swarm.scala
WARN  no build target for: /home/stefan/Documents/github/Scala/HonsProject/PSO/particle.scala
WARN  no build target for: /home/stefan/Documents/github/Scala/HonsProject/PSO/swarm.scala
something's wrong: no file:///home/stefan/Documents/github/Scala/HonsProject/PSO/particle.scala in Array[Double]RangePosition(file:///home/stefan/Documents/github/Scala/HonsProject/PSO/particle.scala, 773, 773, 786)
WARN  no build target for: /home/stefan/Documents/github/Scala/HonsProject/PSO/particle.scala
something's wrong: no file:///home/stefan/Documents/github/Scala/HonsProject/PSO/particle.scala in Array[Double]RangePosition(file:///home/stefan/Documents/github/Scala/HonsProject/PSO/particle.scala, 2324, 2324, 2337)
WARN  no build target for: /home/stefan/Documents/github/Scala/HonsProject/PSO/particle.scala
WARN  no build target for: /home/stefan/Documents/github/Scala/HonsProject/PSO/particle.scala
Mar 07, 2020 12:56:16 PM org.eclipse.lsp4j.jsonrpc.RemoteEndpoint handleCancellation
WARNING: Unmatched cancel notification for request id 13039
WARN  no build target for: /home/stefan/Documents/github/Scala/HonsProject/PSO/swarm.scala
WARN  no build target for: /home/stefan/Documents/github/Scala/HonsProject/PSO/particle.scala
WARN  no build tool detected in workspace '/home/stefan/Documents/github/Scala/HonsProject'. The most common cause for this problem is that the editor was opened in the wrong working directory, for example if you use sbt then the workspace directory should contain build.sbt. 
WARN  no build tool detected in workspace '/home/stefan/Documents/github/Scala/HonsProject'. The most common cause for this problem is that the editor was opened in the wrong working directory, for example if you use sbt then the workspace directory should contain build.sbt. 
WARN  no build target for: /home/stefan/Documents/github/Scala/HonsProject/PSO/particle.scala
something's wrong: no file:///home/stefan/Documents/github/Scala/HonsProject/PSO/particle.scala in Array[Double]RangePosition(file:///home/stefan/Documents/github/Scala/HonsProject/PSO/particle.scala, 1266, 1266, 1279)
WARN  no build target for: /home/stefan/Documents/github/Scala/HonsProject/PSO/particle.scala
INFO  shutting down Metals
