INFO  started: Metals version 0.8.0 in workspace '/home/stefan/Documents/github/Scala'
INFO  time: initialize in 0.87s
WARN  no build tool detected in workspace '/home/stefan/Documents/github/Scala'. The most common cause for this problem is that the editor was opened in the wrong working directory, for example if you use sbt then the workspace directory should contain build.sbt. 
WARN  no build target for: /home/stefan/Documents/github/Scala/HelloWorld.scala
INFO  no build target: using presentation compiler with only scala-library
WARN  no build target for: /home/stefan/Documents/github/Scala/HelloWorld.scala
WARN  no build target for: /home/stefan/Documents/github/Scala/HelloWorld.scala
WARN  no build target for: /home/stefan/Documents/github/Scala/HelloWorld.scala
WARN  no build target for: /home/stefan/Documents/github/Scala/HelloWorld/Main.scala
WARN  no build target for: /home/stefan/Documents/github/Scala/HelloWorld/Main.scala
WARN  no build target for: /home/stefan/Documents/github/Scala/HelloWorld/Main.scala
WARN  no build target for: /home/stefan/Documents/github/Scala/HelloWorld/Main.scala
WARN  no build target for: /home/stefan/Documents/github/Scala/HelloWorld/Main.scala
WARN  no build target for: /home/stefan/Documents/github/Scala/HelloWorld/Main.scala
WARN  no build target for: /home/stefan/Documents/github/Scala/HelloWorld/Main.scala
WARN  no build target for: /home/stefan/Documents/github/Scala/HelloWorld/Main.scala
WARN  no build target for: /home/stefan/Documents/github/Scala/HelloWorld/Main.scala
WARN  no build target for: /home/stefan/Documents/github/Scala/HelloWorld/Main.scala
WARN  no build target for: /home/stefan/Documents/github/Scala/HelloWorld/Main.scala
Feb 22, 2020 1:25:17 PM scala.meta.internal.pc.CompilerAccess retryWithCleanCompiler
INFO: compiler crashed due to an error in the Scala compiler, retrying with new compiler instance.
Feb 22, 2020 1:25:17 PM scala.meta.internal.pc.CompilerAccess handleError
SEVERE: null
java.lang.NullPointerException
	at scala.reflect.internal.Definitions$DefinitionsClass.isByNameParamType(Definitions.scala:417)
	at scala.reflect.internal.TreeInfo.isStableIdent(TreeInfo.scala:137)
	at scala.reflect.internal.TreeInfo.isStableIdentifier(TreeInfo.scala:113)
	at scala.reflect.internal.TreeInfo.isPath(TreeInfo.scala:102)
	at scala.reflect.internal.TreeInfo.admitsTypeSelection(TreeInfo.scala:155)
	at scala.tools.nsc.interactive.Global.stabilizedType(Global.scala:959)
	at scala.tools.nsc.interactive.Global.typedTreeAt(Global.scala:807)
	at scala.meta.internal.pc.SignatureHelpProvider.signatureHelp(SignatureHelpProvider.scala:22)

WARN  no build target for: /home/stefan/Documents/github/Scala/HelloWorld/Main.scala
WARN  no build target for: /home/stefan/Documents/github/Scala/HelloWorld/Main.scala
WARN  no build target for: /home/stefan/Documents/github/Scala/HelloWorld/Main.scala
WARN  no build target for: /home/stefan/Documents/github/Scala/HelloWorld/Main.scala
WARN  no build target for: /home/stefan/Documents/github/Scala/HelloWorld/Main.scala
WARN  no build target for: /home/stefan/Documents/github/Scala/HelloWorld/Main.scala
WARN  no build target for: /home/stefan/Documents/github/Scala/HelloWorld/Main.scala
WARN  no build target for: /home/stefan/Documents/github/Scala/HelloWorld/Main.scala
Feb 22, 2020 1:33:17 PM scala.meta.internal.pc.CompilerAccess retryWithCleanCompiler
INFO: compiler crashed due to an error in the Scala compiler, retrying with new compiler instance.
Feb 22, 2020 1:33:17 PM scala.meta.internal.pc.CompilerAccess handleError
SEVERE: null
java.lang.NullPointerException
	at scala.reflect.internal.Definitions$DefinitionsClass.isByNameParamType(Definitions.scala:417)
	at scala.reflect.internal.TreeInfo.isStableIdent(TreeInfo.scala:137)
	at scala.reflect.internal.TreeInfo.isStableIdentifier(TreeInfo.scala:113)
	at scala.reflect.internal.TreeInfo.isPath(TreeInfo.scala:102)
	at scala.reflect.internal.TreeInfo.admitsTypeSelection(TreeInfo.scala:155)
	at scala.tools.nsc.interactive.Global.stabilizedType(Global.scala:959)
	at scala.tools.nsc.interactive.Global.typedTreeAt(Global.scala:807)
	at scala.meta.internal.pc.SignatureHelpProvider.signatureHelp(SignatureHelpProvider.scala:22)

Feb 22, 2020 1:34:24 PM scala.meta.internal.pc.Completions completionPosition
SEVERE: null
java.lang.NullPointerException
	at scala.meta.internal.pc.Completions$CompletionPosition$Override.<init>(Completions.scala:1068)
	at scala.meta.internal.pc.Completions.completionPositionUnsafe(Completions.scala:471)
	at scala.meta.internal.pc.Completions.completionPositionUnsafe$(Completions.scala:404)
	at scala.meta.internal.pc.MetalsGlobal.completionPositionUnsafe(MetalsGlobal.scala:25)
	at scala.meta.internal.pc.Completions.completionPosition(Completions.scala:396)
	at scala.meta.internal.pc.Completions.completionPosition$(Completions.scala:381)
	at scala.meta.internal.pc.MetalsGlobal.completionPosition(MetalsGlobal.scala:25)
	at scala.meta.internal.pc.CompletionProvider.safeCompletionsAt(CompletionProvider.scala:413)
	at scala.meta.internal.pc.CompletionProvider.completions(CompletionProvider.scala:51)
	at scala.meta.internal.pc.ScalaPresentationCompiler.$anonfun$complete$1(ScalaPresentationCompiler.scala:91)
	at scala.meta.internal.pc.CompilerAccess.withSharedCompiler(CompilerAccess.scala:120)
	at scala.meta.internal.pc.CompilerAccess.$anonfun$withInterruptableCompiler$1(CompilerAccess.scala:77)
	at scala.meta.internal.pc.CompilerAccess.$anonfun$onCompilerJobQueue$1(CompilerAccess.scala:198)
	at scala.meta.internal.pc.CompilerJobQueue$Job.run(CompilerJobQueue.scala:101)
	at java.base/java.util.concurrent.ThreadPoolExecutor.runWorker(ThreadPoolExecutor.java:1128)
	at java.base/java.util.concurrent.ThreadPoolExecutor$Worker.run(ThreadPoolExecutor.java:628)
	at java.base/java.lang.Thread.run(Thread.java:834)

Feb 22, 2020 1:35:39 PM scala.meta.internal.pc.Completions completionPosition
SEVERE: null
java.lang.NullPointerException
	at scala.meta.internal.pc.Completions$CompletionPosition$Override.<init>(Completions.scala:1068)
	at scala.meta.internal.pc.Completions.completionPositionUnsafe(Completions.scala:490)
	at scala.meta.internal.pc.Completions.completionPositionUnsafe$(Completions.scala:404)
	at scala.meta.internal.pc.MetalsGlobal.completionPositionUnsafe(MetalsGlobal.scala:25)
	at scala.meta.internal.pc.Completions.completionPosition(Completions.scala:396)
	at scala.meta.internal.pc.Completions.completionPosition$(Completions.scala:381)
	at scala.meta.internal.pc.MetalsGlobal.completionPosition(MetalsGlobal.scala:25)
	at scala.meta.internal.pc.CompletionProvider.safeCompletionsAt(CompletionProvider.scala:413)
	at scala.meta.internal.pc.CompletionProvider.completions(CompletionProvider.scala:51)
	at scala.meta.internal.pc.ScalaPresentationCompiler.$anonfun$complete$1(ScalaPresentationCompiler.scala:91)
	at scala.meta.internal.pc.CompilerAccess.withSharedCompiler(CompilerAccess.scala:120)
	at scala.meta.internal.pc.CompilerAccess.$anonfun$withInterruptableCompiler$1(CompilerAccess.scala:77)
	at scala.meta.internal.pc.CompilerAccess.$anonfun$onCompilerJobQueue$1(CompilerAccess.scala:198)
	at scala.meta.internal.pc.CompilerJobQueue$Job.run(CompilerJobQueue.scala:101)
	at java.base/java.util.concurrent.ThreadPoolExecutor.runWorker(ThreadPoolExecutor.java:1128)
	at java.base/java.util.concurrent.ThreadPoolExecutor$Worker.run(ThreadPoolExecutor.java:628)
	at java.base/java.lang.Thread.run(Thread.java:834)

Feb 22, 2020 1:35:41 PM scala.meta.internal.pc.Completions completionPosition
SEVERE: null
java.lang.NullPointerException
	at scala.meta.internal.pc.Completions$CompletionPosition$Override.<init>(Completions.scala:1068)
	at scala.meta.internal.pc.Completions.completionPositionUnsafe(Completions.scala:490)
	at scala.meta.internal.pc.Completions.completionPositionUnsafe$(Completions.scala:404)
	at scala.meta.internal.pc.MetalsGlobal.completionPositionUnsafe(MetalsGlobal.scala:25)
	at scala.meta.internal.pc.Completions.completionPosition(Completions.scala:396)
	at scala.meta.internal.pc.Completions.completionPosition$(Completions.scala:381)
	at scala.meta.internal.pc.MetalsGlobal.completionPosition(MetalsGlobal.scala:25)
	at scala.meta.internal.pc.CompletionProvider.safeCompletionsAt(CompletionProvider.scala:413)
	at scala.meta.internal.pc.CompletionProvider.completions(CompletionProvider.scala:51)
	at scala.meta.internal.pc.ScalaPresentationCompiler.$anonfun$complete$1(ScalaPresentationCompiler.scala:91)
	at scala.meta.internal.pc.CompilerAccess.withSharedCompiler(CompilerAccess.scala:120)
	at scala.meta.internal.pc.CompilerAccess.$anonfun$withInterruptableCompiler$1(CompilerAccess.scala:77)
	at scala.meta.internal.pc.CompilerAccess.$anonfun$onCompilerJobQueue$1(CompilerAccess.scala:198)
	at scala.meta.internal.pc.CompilerJobQueue$Job.run(CompilerJobQueue.scala:101)
	at java.base/java.util.concurrent.ThreadPoolExecutor.runWorker(ThreadPoolExecutor.java:1128)
	at java.base/java.util.concurrent.ThreadPoolExecutor$Worker.run(ThreadPoolExecutor.java:628)
	at java.base/java.lang.Thread.run(Thread.java:834)

Feb 22, 2020 1:35:41 PM scala.meta.internal.pc.Completions completionPosition
SEVERE: null
java.lang.NullPointerException
	at scala.meta.internal.pc.Completions$CompletionPosition$Override.<init>(Completions.scala:1068)
	at scala.meta.internal.pc.Completions.completionPositionUnsafe(Completions.scala:490)
	at scala.meta.internal.pc.Completions.completionPositionUnsafe$(Completions.scala:404)
	at scala.meta.internal.pc.MetalsGlobal.completionPositionUnsafe(MetalsGlobal.scala:25)
	at scala.meta.internal.pc.Completions.completionPosition(Completions.scala:396)
	at scala.meta.internal.pc.Completions.completionPosition$(Completions.scala:381)
	at scala.meta.internal.pc.MetalsGlobal.completionPosition(MetalsGlobal.scala:25)
	at scala.meta.internal.pc.CompletionProvider.safeCompletionsAt(CompletionProvider.scala:413)
	at scala.meta.internal.pc.CompletionProvider.completions(CompletionProvider.scala:51)
	at scala.meta.internal.pc.ScalaPresentationCompiler.$anonfun$complete$1(ScalaPresentationCompiler.scala:91)
	at scala.meta.internal.pc.CompilerAccess.withSharedCompiler(CompilerAccess.scala:120)
	at scala.meta.internal.pc.CompilerAccess.$anonfun$withInterruptableCompiler$1(CompilerAccess.scala:77)
	at scala.meta.internal.pc.CompilerAccess.$anonfun$onCompilerJobQueue$1(CompilerAccess.scala:198)
	at scala.meta.internal.pc.CompilerJobQueue$Job.run(CompilerJobQueue.scala:101)
	at java.base/java.util.concurrent.ThreadPoolExecutor.runWorker(ThreadPoolExecutor.java:1128)
	at java.base/java.util.concurrent.ThreadPoolExecutor$Worker.run(ThreadPoolExecutor.java:628)
	at java.base/java.lang.Thread.run(Thread.java:834)

WARN  no build tool detected in workspace '/home/stefan/Documents/github/Scala'. The most common cause for this problem is that the editor was opened in the wrong working directory, for example if you use sbt then the workspace directory should contain build.sbt. 
WARN  no build tool detected in workspace '/home/stefan/Documents/github/Scala'. The most common cause for this problem is that the editor was opened in the wrong working directory, for example if you use sbt then the workspace directory should contain build.sbt. 
Feb 22, 2020 1:36:57 PM scala.meta.internal.pc.Completions completionPosition
SEVERE: null
java.lang.NullPointerException
	at scala.meta.internal.pc.Completions$CompletionPosition$Override.<init>(Completions.scala:1068)
	at scala.meta.internal.pc.Completions.completionPositionUnsafe(Completions.scala:490)
	at scala.meta.internal.pc.Completions.completionPositionUnsafe$(Completions.scala:404)
	at scala.meta.internal.pc.MetalsGlobal.completionPositionUnsafe(MetalsGlobal.scala:25)
	at scala.meta.internal.pc.Completions.completionPosition(Completions.scala:396)
	at scala.meta.internal.pc.Completions.completionPosition$(Completions.scala:381)
	at scala.meta.internal.pc.MetalsGlobal.completionPosition(MetalsGlobal.scala:25)
	at scala.meta.internal.pc.CompletionProvider.safeCompletionsAt(CompletionProvider.scala:413)
	at scala.meta.internal.pc.CompletionProvider.completions(CompletionProvider.scala:51)
	at scala.meta.internal.pc.ScalaPresentationCompiler.$anonfun$complete$1(ScalaPresentationCompiler.scala:91)
	at scala.meta.internal.pc.CompilerAccess.withSharedCompiler(CompilerAccess.scala:120)
	at scala.meta.internal.pc.CompilerAccess.$anonfun$withInterruptableCompiler$1(CompilerAccess.scala:77)
	at scala.meta.internal.pc.CompilerAccess.$anonfun$onCompilerJobQueue$1(CompilerAccess.scala:198)
	at scala.meta.internal.pc.CompilerJobQueue$Job.run(CompilerJobQueue.scala:101)
	at java.base/java.util.concurrent.ThreadPoolExecutor.runWorker(ThreadPoolExecutor.java:1128)
	at java.base/java.util.concurrent.ThreadPoolExecutor$Worker.run(ThreadPoolExecutor.java:628)
	at java.base/java.lang.Thread.run(Thread.java:834)

Feb 22, 2020 1:37:20 PM scala.meta.internal.pc.Completions completionPosition
SEVERE: null
java.lang.NullPointerException
	at scala.meta.internal.pc.Completions$CompletionPosition$Override.<init>(Completions.scala:1068)
	at scala.meta.internal.pc.Completions.completionPositionUnsafe(Completions.scala:490)
	at scala.meta.internal.pc.Completions.completionPositionUnsafe$(Completions.scala:404)
	at scala.meta.internal.pc.MetalsGlobal.completionPositionUnsafe(MetalsGlobal.scala:25)
	at scala.meta.internal.pc.Completions.completionPosition(Completions.scala:396)
	at scala.meta.internal.pc.Completions.completionPosition$(Completions.scala:381)
	at scala.meta.internal.pc.MetalsGlobal.completionPosition(MetalsGlobal.scala:25)
	at scala.meta.internal.pc.CompletionProvider.safeCompletionsAt(CompletionProvider.scala:413)
	at scala.meta.internal.pc.CompletionProvider.completions(CompletionProvider.scala:51)
	at scala.meta.internal.pc.ScalaPresentationCompiler.$anonfun$complete$1(ScalaPresentationCompiler.scala:91)
	at scala.meta.internal.pc.CompilerAccess.withSharedCompiler(CompilerAccess.scala:120)
	at scala.meta.internal.pc.CompilerAccess.$anonfun$withInterruptableCompiler$1(CompilerAccess.scala:77)
	at scala.meta.internal.pc.CompilerAccess.$anonfun$onCompilerJobQueue$1(CompilerAccess.scala:198)
	at scala.meta.internal.pc.CompilerJobQueue$Job.run(CompilerJobQueue.scala:101)
	at java.base/java.util.concurrent.ThreadPoolExecutor.runWorker(ThreadPoolExecutor.java:1128)
	at java.base/java.util.concurrent.ThreadPoolExecutor$Worker.run(ThreadPoolExecutor.java:628)
	at java.base/java.lang.Thread.run(Thread.java:834)

Feb 22, 2020 1:37:22 PM scala.meta.internal.pc.Completions completionPosition
SEVERE: null
java.lang.NullPointerException
	at scala.meta.internal.pc.Completions$CompletionPosition$Override.<init>(Completions.scala:1068)
	at scala.meta.internal.pc.Completions.completionPositionUnsafe(Completions.scala:490)
	at scala.meta.internal.pc.Completions.completionPositionUnsafe$(Completions.scala:404)
	at scala.meta.internal.pc.MetalsGlobal.completionPositionUnsafe(MetalsGlobal.scala:25)
	at scala.meta.internal.pc.Completions.completionPosition(Completions.scala:396)
	at scala.meta.internal.pc.Completions.completionPosition$(Completions.scala:381)
	at scala.meta.internal.pc.MetalsGlobal.completionPosition(MetalsGlobal.scala:25)
	at scala.meta.internal.pc.CompletionProvider.safeCompletionsAt(CompletionProvider.scala:413)
	at scala.meta.internal.pc.CompletionProvider.completions(CompletionProvider.scala:51)
	at scala.meta.internal.pc.ScalaPresentationCompiler.$anonfun$complete$1(ScalaPresentationCompiler.scala:91)
	at scala.meta.internal.pc.CompilerAccess.withSharedCompiler(CompilerAccess.scala:120)
	at scala.meta.internal.pc.CompilerAccess.$anonfun$withInterruptableCompiler$1(CompilerAccess.scala:77)
	at scala.meta.internal.pc.CompilerAccess.$anonfun$onCompilerJobQueue$1(CompilerAccess.scala:198)
	at scala.meta.internal.pc.CompilerJobQueue$Job.run(CompilerJobQueue.scala:101)
	at java.base/java.util.concurrent.ThreadPoolExecutor.runWorker(ThreadPoolExecutor.java:1128)
	at java.base/java.util.concurrent.ThreadPoolExecutor$Worker.run(ThreadPoolExecutor.java:628)
	at java.base/java.lang.Thread.run(Thread.java:834)

Feb 22, 2020 1:37:22 PM scala.meta.internal.pc.Completions completionPosition
SEVERE: null
java.lang.NullPointerException
	at scala.meta.internal.pc.Completions$CompletionPosition$Override.<init>(Completions.scala:1068)
	at scala.meta.internal.pc.Completions.completionPositionUnsafe(Completions.scala:490)
	at scala.meta.internal.pc.Completions.completionPositionUnsafe$(Completions.scala:404)
	at scala.meta.internal.pc.MetalsGlobal.completionPositionUnsafe(MetalsGlobal.scala:25)
	at scala.meta.internal.pc.Completions.completionPosition(Completions.scala:396)
	at scala.meta.internal.pc.Completions.completionPosition$(Completions.scala:381)
	at scala.meta.internal.pc.MetalsGlobal.completionPosition(MetalsGlobal.scala:25)
	at scala.meta.internal.pc.CompletionProvider.safeCompletionsAt(CompletionProvider.scala:413)
	at scala.meta.internal.pc.CompletionProvider.completions(CompletionProvider.scala:51)
	at scala.meta.internal.pc.ScalaPresentationCompiler.$anonfun$complete$1(ScalaPresentationCompiler.scala:91)
	at scala.meta.internal.pc.CompilerAccess.withSharedCompiler(CompilerAccess.scala:120)
	at scala.meta.internal.pc.CompilerAccess.$anonfun$withInterruptableCompiler$1(CompilerAccess.scala:77)
	at scala.meta.internal.pc.CompilerAccess.$anonfun$onCompilerJobQueue$1(CompilerAccess.scala:198)
	at scala.meta.internal.pc.CompilerJobQueue$Job.run(CompilerJobQueue.scala:101)
	at java.base/java.util.concurrent.ThreadPoolExecutor.runWorker(ThreadPoolExecutor.java:1128)
	at java.base/java.util.concurrent.ThreadPoolExecutor$Worker.run(ThreadPoolExecutor.java:628)
	at java.base/java.lang.Thread.run(Thread.java:834)

Feb 22, 2020 1:37:58 PM scala.meta.internal.pc.CompilerAccess retryWithCleanCompiler
INFO: compiler crashed due to an error in the Scala compiler, retrying with new compiler instance.
Feb 22, 2020 1:37:58 PM scala.meta.internal.pc.CompilerAccess handleError
SEVERE: null
java.lang.NullPointerException
	at scala.reflect.internal.Definitions$DefinitionsClass.isByNameParamType(Definitions.scala:417)
	at scala.reflect.internal.TreeInfo.isStableIdent(TreeInfo.scala:137)
	at scala.reflect.internal.TreeInfo.isStableIdentifier(TreeInfo.scala:113)
	at scala.reflect.internal.TreeInfo.isPath(TreeInfo.scala:102)
	at scala.reflect.internal.TreeInfo.admitsTypeSelection(TreeInfo.scala:155)
	at scala.tools.nsc.interactive.Global.stabilizedType(Global.scala:959)
	at scala.tools.nsc.interactive.Global.typedTreeAt(Global.scala:807)
	at scala.meta.internal.pc.SignatureHelpProvider.signatureHelp(SignatureHelpProvider.scala:22)

Feb 22, 2020 1:39:55 PM org.eclipse.lsp4j.jsonrpc.RemoteEndpoint handleCancellation
WARNING: Unmatched cancel notification for request id 3134
WARN  no build target for: /home/stefan/Documents/github/Scala/HelloWorld/Main.scala
WARN  no build target for: /home/stefan/Documents/github/Scala/HelloWorld/Main.scala
WARN  no build target for: /home/stefan/Documents/github/Scala/HelloWorld/Main.scala
WARN  no build tool detected in workspace '/home/stefan/Documents/github/Scala'. The most common cause for this problem is that the editor was opened in the wrong working directory, for example if you use sbt then the workspace directory should contain build.sbt. 
WARN  no build tool detected in workspace '/home/stefan/Documents/github/Scala'. The most common cause for this problem is that the editor was opened in the wrong working directory, for example if you use sbt then the workspace directory should contain build.sbt. 
WARN  no build target for: /home/stefan/Documents/github/Scala/HelloWorld/Main.scala
WARN  no build tool detected in workspace '/home/stefan/Documents/github/Scala'. The most common cause for this problem is that the editor was opened in the wrong working directory, for example if you use sbt then the workspace directory should contain build.sbt. 
WARN  no build tool detected in workspace '/home/stefan/Documents/github/Scala'. The most common cause for this problem is that the editor was opened in the wrong working directory, for example if you use sbt then the workspace directory should contain build.sbt. 
WARN  no build target for: /home/stefan/Documents/github/Scala/HelloWorld/Main.scala
WARN  no build target for: /home/stefan/Documents/github/Scala/HelloWorld/Main.scala
WARN  no build tool detected in workspace '/home/stefan/Documents/github/Scala'. The most common cause for this problem is that the editor was opened in the wrong working directory, for example if you use sbt then the workspace directory should contain build.sbt. 
WARN  no build tool detected in workspace '/home/stefan/Documents/github/Scala'. The most common cause for this problem is that the editor was opened in the wrong working directory, for example if you use sbt then the workspace directory should contain build.sbt. 
WARN  no build target for: /home/stefan/Documents/github/Scala/HelloWorld/Main.scala
WARN  no build target for: /home/stefan/Documents/github/Scala/HelloWorld/Main.scala
WARN  no build target for: /home/stefan/Documents/github/Scala/HelloWorld/Main.scala
WARN  no build target for: /home/stefan/Documents/github/Scala/HelloWorld/Main.scala
WARN  no build target for: /home/stefan/Documents/github/Scala/HelloWorld/Main.scala
WARN  no build target for: /home/stefan/Documents/github/Scala/HelloWorld/Main.scala
WARN  no build target for: /home/stefan/Documents/github/Scala/HelloWorld/Main.scala
Feb 22, 2020 2:06:42 PM scala.meta.internal.pc.CompilerAccess retryWithCleanCompiler
INFO: compiler crashed due to an error in the Scala compiler, retrying with new compiler instance.
Feb 22, 2020 2:06:42 PM scala.meta.internal.pc.CompilerAccess handleError
SEVERE: null
java.lang.NullPointerException
	at scala.reflect.internal.Definitions$DefinitionsClass.isByNameParamType(Definitions.scala:417)
	at scala.reflect.internal.TreeInfo.isStableIdent(TreeInfo.scala:137)
	at scala.reflect.internal.TreeInfo.isStableIdentifier(TreeInfo.scala:113)
	at scala.reflect.internal.TreeInfo.isPath(TreeInfo.scala:102)
	at scala.reflect.internal.TreeInfo.admitsTypeSelection(TreeInfo.scala:155)
	at scala.tools.nsc.interactive.Global.stabilizedType(Global.scala:959)
	at scala.tools.nsc.interactive.Global.typedTreeAt(Global.scala:807)
	at scala.meta.internal.pc.SignatureHelpProvider.signatureHelp(SignatureHelpProvider.scala:22)

WARN  no build target for: /home/stefan/Documents/github/Scala/HelloWorld/Main.scala
WARN  no build target for: /home/stefan/Documents/github/Scala/HelloWorld/Main.scala
something's wrong: no file:///home/stefan/Documents/github/Scala/HelloWorld/Main.scala in Int => <error>RangePosition(file:///home/stefan/Documents/github/Scala/HelloWorld/Main.scala, 1028, 1032, 1719)
something's wrong: no file:///home/stefan/Documents/github/Scala/HelloWorld/Main.scala in Int => <error>RangePosition(file:///home/stefan/Documents/github/Scala/HelloWorld/Main.scala, 1028, 1032, 1719)
WARN  no build target for: /home/stefan/Documents/github/Scala/HelloWorld/Main.scala
WARN  no build target for: /home/stefan/Documents/github/Scala/HelloWorld/Main.scala
WARN  no build target for: /home/stefan/Documents/github/Scala/HelloWorld/Main.scala
WARN  no build target for: /home/stefan/Documents/github/Scala/HelloWorld/Main.scala
WARN  no build target for: /home/stefan/Documents/github/Scala/HelloWorld/Main.scala
WARN  no build target for: /home/stefan/Documents/github/Scala/HelloWorld/Main.scala
WARN  no build tool detected in workspace '/home/stefan/Documents/github/Scala'. The most common cause for this problem is that the editor was opened in the wrong working directory, for example if you use sbt then the workspace directory should contain build.sbt. 
WARN  no build tool detected in workspace '/home/stefan/Documents/github/Scala'. The most common cause for this problem is that the editor was opened in the wrong working directory, for example if you use sbt then the workspace directory should contain build.sbt. 
WARN  no build target for: /home/stefan/Documents/github/Scala/HelloWorld/Main.scala
WARN  no build target for: /home/stefan/Documents/github/Scala/HelloWorld/Main.scala
WARN  no build target for: /home/stefan/Documents/github/Scala/ProjectBSScala/Main.scala
WARN  no build target for: /home/stefan/Documents/github/Scala/ProjectBSScala/Main.scala
Feb 22, 2020 2:51:33 PM scala.meta.internal.pc.CompilerAccess retryWithCleanCompiler
INFO: compiler crashed due to an error in the Scala compiler, retrying with new compiler instance.
Feb 22, 2020 2:51:33 PM scala.meta.internal.pc.CompilerAccess handleError
SEVERE: null
java.lang.NullPointerException
	at scala.reflect.internal.Definitions$DefinitionsClass.isByNameParamType(Definitions.scala:417)
	at scala.reflect.internal.TreeInfo.isStableIdent(TreeInfo.scala:137)
	at scala.reflect.internal.TreeInfo.isStableIdentifier(TreeInfo.scala:113)
	at scala.reflect.internal.TreeInfo.isPath(TreeInfo.scala:102)
	at scala.reflect.internal.TreeInfo.admitsTypeSelection(TreeInfo.scala:155)
	at scala.tools.nsc.interactive.Global.stabilizedType(Global.scala:959)
	at scala.tools.nsc.interactive.Global.typedTreeAt(Global.scala:807)
	at scala.meta.internal.pc.SignatureHelpProvider.signatureHelp(SignatureHelpProvider.scala:22)

WARN  no build target for: /home/stefan/Documents/github/Scala/ProjectBSScala/Main.scala
WARN  no build target for: /home/stefan/Documents/github/Scala/ProjectBSScala/Main.scala
Feb 22, 2020 2:58:12 PM scala.meta.internal.pc.CompilerAccess retryWithCleanCompiler
INFO: compiler crashed due to an error in the Scala compiler, retrying with new compiler instance.
Feb 22, 2020 2:58:12 PM scala.meta.internal.pc.CompilerAccess handleError
SEVERE: null
java.lang.NullPointerException
	at scala.reflect.internal.Definitions$DefinitionsClass.isByNameParamType(Definitions.scala:417)
	at scala.reflect.internal.TreeInfo.isStableIdent(TreeInfo.scala:137)
	at scala.reflect.internal.TreeInfo.isStableIdentifier(TreeInfo.scala:113)
	at scala.reflect.internal.TreeInfo.isPath(TreeInfo.scala:102)
	at scala.reflect.internal.TreeInfo.admitsTypeSelection(TreeInfo.scala:155)
	at scala.tools.nsc.interactive.Global.stabilizedType(Global.scala:959)
	at scala.tools.nsc.interactive.Global.typedTreeAt(Global.scala:807)
	at scala.meta.internal.pc.SignatureHelpProvider.signatureHelp(SignatureHelpProvider.scala:22)

Feb 22, 2020 3:12:13 PM scala.meta.internal.pc.CompilerAccess retryWithCleanCompiler
INFO: compiler crashed due to an error in the Scala compiler, retrying with new compiler instance.
Feb 22, 2020 3:12:13 PM scala.meta.internal.pc.CompilerAccess handleError
SEVERE: null
java.lang.NullPointerException
	at scala.reflect.internal.Definitions$DefinitionsClass.isByNameParamType(Definitions.scala:417)
	at scala.reflect.internal.TreeInfo.isStableIdent(TreeInfo.scala:137)
	at scala.reflect.internal.TreeInfo.isStableIdentifier(TreeInfo.scala:113)
	at scala.reflect.internal.TreeInfo.isPath(TreeInfo.scala:102)
	at scala.reflect.internal.TreeInfo.admitsTypeSelection(TreeInfo.scala:155)
	at scala.tools.nsc.interactive.Global.stabilizedType(Global.scala:959)
	at scala.tools.nsc.interactive.Global.typedTreeAt(Global.scala:807)
	at scala.meta.internal.pc.SignatureHelpProvider.signatureHelp(SignatureHelpProvider.scala:22)

WARN  no build target for: /home/stefan/Documents/github/Scala/ProjectBSScala/Main.scala
WARN  no build target for: /home/stefan/Documents/github/Scala/ProjectBSScala/Main.scala
WARN  no build target for: /home/stefan/Documents/github/Scala/ProjectBSScala/Main.scala
WARN  no build target for: /home/stefan/Documents/github/Scala/ProjectBSScala/Main.scala
WARN  no build target for: /home/stefan/Documents/github/Scala/ProjectBSScala/Main.scala
WARN  no build target for: /home/stefan/Documents/github/Scala/ProjectBSScala/Main.scala
WARN  no build tool detected in workspace '/home/stefan/Documents/github/Scala'. The most common cause for this problem is that the editor was opened in the wrong working directory, for example if you use sbt then the workspace directory should contain build.sbt. 
WARN  no build tool detected in workspace '/home/stefan/Documents/github/Scala'. The most common cause for this problem is that the editor was opened in the wrong working directory, for example if you use sbt then the workspace directory should contain build.sbt. 
WARN  no build target for: /home/stefan/Documents/github/Scala/ProjectBSScala/Main.scala
Feb 22, 2020 3:25:29 PM scala.meta.internal.pc.CompilerAccess handleError
SEVERE: offset 697, count -1, length 1084
java.lang.StringIndexOutOfBoundsException: offset 697, count -1, length 1084
	at java.base/java.lang.String.checkBoundsOffCount(String.java:3304)
	at java.base/java.lang.String.rangeCheck(String.java:280)
	at java.base/java.lang.String.<init>(String.java:276)
	at scala.tools.nsc.interactive.Global.typeCompletions$1(Global.scala:1230)
	at scala.tools.nsc.interactive.Global.completionsAt(Global.scala:1253)
	at scala.meta.internal.pc.SignatureHelpProvider.$anonfun$treeSymbol$1(SignatureHelpProvider.scala:369)
	at scala.Option.map(Option.scala:230)
	at scala.meta.internal.pc.SignatureHelpProvider.treeSymbol(SignatureHelpProvider.scala:368)
	at scala.meta.internal.pc.SignatureHelpProvider$MethodCall$.unapply(SignatureHelpProvider.scala:197)
	at scala.meta.internal.pc.SignatureHelpProvider$MethodCallTraverser.visit(SignatureHelpProvider.scala:305)
	at scala.meta.internal.pc.SignatureHelpProvider$MethodCallTraverser.traverse(SignatureHelpProvider.scala:300)
	at scala.meta.internal.pc.SignatureHelpProvider$MethodCallTraverser.fromTree(SignatureHelpProvider.scala:269)
	at scala.meta.internal.pc.SignatureHelpProvider.signatureHelp(SignatureHelpProvider.scala:26)

WARN  no build target for: /home/stefan/Documents/github/Scala/ProjectBSScala/Main.scala
WARN  no build target for: /home/stefan/Documents/github/Scala/ProjectBSScala/Main.scala
WARN  no build tool detected in workspace '/home/stefan/Documents/github/Scala'. The most common cause for this problem is that the editor was opened in the wrong working directory, for example if you use sbt then the workspace directory should contain build.sbt. 
WARN  no build tool detected in workspace '/home/stefan/Documents/github/Scala'. The most common cause for this problem is that the editor was opened in the wrong working directory, for example if you use sbt then the workspace directory should contain build.sbt. 
WARN  no build target for: /home/stefan/Documents/github/Scala/ProjectBSScala/Main.scala
WARN  no build tool detected in workspace '/home/stefan/Documents/github/Scala'. The most common cause for this problem is that the editor was opened in the wrong working directory, for example if you use sbt then the workspace directory should contain build.sbt. 
WARN  no build tool detected in workspace '/home/stefan/Documents/github/Scala'. The most common cause for this problem is that the editor was opened in the wrong working directory, for example if you use sbt then the workspace directory should contain build.sbt. 
WARN  no build target for: /home/stefan/Documents/github/Scala/ProjectBSScala/Main.scala
WARN  no build tool detected in workspace '/home/stefan/Documents/github/Scala'. The most common cause for this problem is that the editor was opened in the wrong working directory, for example if you use sbt then the workspace directory should contain build.sbt. 
WARN  no build tool detected in workspace '/home/stefan/Documents/github/Scala'. The most common cause for this problem is that the editor was opened in the wrong working directory, for example if you use sbt then the workspace directory should contain build.sbt. 
WARN  no build target for: /home/stefan/Documents/github/Scala/ProjectBSScala/Main.scala
WARN  no build tool detected in workspace '/home/stefan/Documents/github/Scala'. The most common cause for this problem is that the editor was opened in the wrong working directory, for example if you use sbt then the workspace directory should contain build.sbt. 
WARN  no build tool detected in workspace '/home/stefan/Documents/github/Scala'. The most common cause for this problem is that the editor was opened in the wrong working directory, for example if you use sbt then the workspace directory should contain build.sbt. 
WARN  no build target for: /home/stefan/Documents/github/Scala/ProjectBSScala/Main.scala
WARN  no build tool detected in workspace '/home/stefan/Documents/github/Scala'. The most common cause for this problem is that the editor was opened in the wrong working directory, for example if you use sbt then the workspace directory should contain build.sbt. 
WARN  no build tool detected in workspace '/home/stefan/Documents/github/Scala'. The most common cause for this problem is that the editor was opened in the wrong working directory, for example if you use sbt then the workspace directory should contain build.sbt. 
WARN  no build tool detected in workspace '/home/stefan/Documents/github/Scala'. The most common cause for this problem is that the editor was opened in the wrong working directory, for example if you use sbt then the workspace directory should contain build.sbt. 
WARN  no build tool detected in workspace '/home/stefan/Documents/github/Scala'. The most common cause for this problem is that the editor was opened in the wrong working directory, for example if you use sbt then the workspace directory should contain build.sbt. 
WARN  no build target for: /home/stefan/Documents/github/Scala/ProjectBSScala/Main.scala
WARN  no build tool detected in workspace '/home/stefan/Documents/github/Scala'. The most common cause for this problem is that the editor was opened in the wrong working directory, for example if you use sbt then the workspace directory should contain build.sbt. 
WARN  no build tool detected in workspace '/home/stefan/Documents/github/Scala'. The most common cause for this problem is that the editor was opened in the wrong working directory, for example if you use sbt then the workspace directory should contain build.sbt. 
Feb 22, 2020 3:39:04 PM scala.meta.internal.pc.CompilerAccess retryWithCleanCompiler
INFO: compiler crashed due to an error in the Scala compiler, retrying with new compiler instance.
Feb 22, 2020 3:39:04 PM scala.meta.internal.pc.CompilerAccess handleError
SEVERE: null
java.lang.NullPointerException
	at scala.reflect.internal.Definitions$DefinitionsClass.isByNameParamType(Definitions.scala:417)
	at scala.reflect.internal.TreeInfo.isStableIdent(TreeInfo.scala:137)
	at scala.reflect.internal.TreeInfo.isStableIdentifier(TreeInfo.scala:113)
	at scala.reflect.internal.TreeInfo.isPath(TreeInfo.scala:102)
	at scala.reflect.internal.TreeInfo.admitsTypeSelection(TreeInfo.scala:155)
	at scala.tools.nsc.interactive.Global.stabilizedType(Global.scala:959)
	at scala.tools.nsc.interactive.Global.typedTreeAt(Global.scala:807)
	at scala.meta.internal.pc.SignatureHelpProvider.signatureHelp(SignatureHelpProvider.scala:22)

WARN  no build target for: /home/stefan/Documents/github/Scala/ProjectBSScala/Main.scala
Feb 22, 2020 3:44:59 PM scala.meta.internal.pc.CompilerAccess retryWithCleanCompiler
INFO: compiler crashed due to an error in the Scala compiler, retrying with new compiler instance.
Feb 22, 2020 3:44:59 PM scala.meta.internal.pc.CompilerAccess handleError
SEVERE: null
java.lang.NullPointerException
	at scala.reflect.internal.Definitions$DefinitionsClass.isByNameParamType(Definitions.scala:417)
	at scala.reflect.internal.TreeInfo.isStableIdent(TreeInfo.scala:137)
	at scala.reflect.internal.TreeInfo.isStableIdentifier(TreeInfo.scala:113)
	at scala.reflect.internal.TreeInfo.isPath(TreeInfo.scala:102)
	at scala.reflect.internal.TreeInfo.admitsTypeSelection(TreeInfo.scala:155)
	at scala.tools.nsc.interactive.Global.stabilizedType(Global.scala:959)
	at scala.tools.nsc.interactive.Global.typedTreeAt(Global.scala:807)
	at scala.meta.internal.pc.SignatureHelpProvider.signatureHelp(SignatureHelpProvider.scala:22)

Feb 22, 2020 3:53:23 PM scala.meta.internal.pc.CompilerAccess retryWithCleanCompiler
INFO: compiler crashed due to an error in the Scala compiler, retrying with new compiler instance.
Feb 22, 2020 3:53:23 PM scala.meta.internal.pc.CompilerAccess handleError
SEVERE: null
java.lang.NullPointerException
	at scala.reflect.internal.Definitions$DefinitionsClass.isByNameParamType(Definitions.scala:417)
	at scala.reflect.internal.TreeInfo.isStableIdent(TreeInfo.scala:137)
	at scala.reflect.internal.TreeInfo.isStableIdentifier(TreeInfo.scala:113)
	at scala.reflect.internal.TreeInfo.isPath(TreeInfo.scala:102)
	at scala.reflect.internal.TreeInfo.admitsTypeSelection(TreeInfo.scala:155)
	at scala.tools.nsc.interactive.Global.stabilizedType(Global.scala:959)
	at scala.tools.nsc.interactive.Global.typedTreeAt(Global.scala:807)
	at scala.meta.internal.pc.SignatureHelpProvider.signatureHelp(SignatureHelpProvider.scala:22)

WARN  no build tool detected in workspace '/home/stefan/Documents/github/Scala'. The most common cause for this problem is that the editor was opened in the wrong working directory, for example if you use sbt then the workspace directory should contain build.sbt. 
WARN  no build tool detected in workspace '/home/stefan/Documents/github/Scala'. The most common cause for this problem is that the editor was opened in the wrong working directory, for example if you use sbt then the workspace directory should contain build.sbt. 
WARN  no build tool detected in workspace '/home/stefan/Documents/github/Scala'. The most common cause for this problem is that the editor was opened in the wrong working directory, for example if you use sbt then the workspace directory should contain build.sbt. 
WARN  no build tool detected in workspace '/home/stefan/Documents/github/Scala'. The most common cause for this problem is that the editor was opened in the wrong working directory, for example if you use sbt then the workspace directory should contain build.sbt. 
Feb 22, 2020 3:55:51 PM scala.meta.internal.pc.CompilerAccess retryWithCleanCompiler
INFO: compiler crashed due to an error in the Scala compiler, retrying with new compiler instance.
Feb 22, 2020 3:55:51 PM scala.meta.internal.pc.CompilerAccess handleError
SEVERE: null
java.lang.NullPointerException
	at scala.reflect.internal.Definitions$DefinitionsClass.isByNameParamType(Definitions.scala:417)
	at scala.reflect.internal.TreeInfo.isStableIdent(TreeInfo.scala:137)
	at scala.reflect.internal.TreeInfo.isStableIdentifier(TreeInfo.scala:113)
	at scala.reflect.internal.TreeInfo.isPath(TreeInfo.scala:102)
	at scala.reflect.internal.TreeInfo.admitsTypeSelection(TreeInfo.scala:155)
	at scala.tools.nsc.interactive.Global.stabilizedType(Global.scala:959)
	at scala.tools.nsc.interactive.Global.typedTreeAt(Global.scala:807)
	at scala.meta.internal.pc.SignatureHelpProvider.signatureHelp(SignatureHelpProvider.scala:22)

WARN  no build target for: /home/stefan/Documents/github/Scala/ProjectBSScala/Main.scala
WARN  no build tool detected in workspace '/home/stefan/Documents/github/Scala'. The most common cause for this problem is that the editor was opened in the wrong working directory, for example if you use sbt then the workspace directory should contain build.sbt. 
WARN  no build tool detected in workspace '/home/stefan/Documents/github/Scala'. The most common cause for this problem is that the editor was opened in the wrong working directory, for example if you use sbt then the workspace directory should contain build.sbt. 
WARN  no build target for: /home/stefan/Documents/github/Scala/ProjectBSScala/Main.scala
WARN  no build target for: /home/stefan/Documents/github/Scala/ProjectBSScala/Main.scala
WARN  no build target for: /home/stefan/Documents/github/Scala/ProjectBSScala/Main.scala
WARN  no build target for: /home/stefan/Documents/github/Scala/ProjectBSScala/Main.scala
WARN  no build target for: /home/stefan/Documents/github/Scala/ProjectBSScala/Main.scala
WARN  no build target for: /home/stefan/Documents/github/Scala/ProjectBSScala/Main.scala
WARN  no build target for: /home/stefan/Documents/github/Scala/ProjectBSScala/Main.scala
WARN  no build target for: /home/stefan/Documents/github/Scala/ProjectBSScala/Main.scala
WARN  no build target for: /home/stefan/Documents/github/Scala/ProjectBSScala/Main.scala
WARN  no build target for: /home/stefan/Documents/github/Scala/ProjectBSScala/Main.scala
WARN  no build target for: /home/stefan/Documents/github/Scala/ProjectBSScala/Main.scala
WARN  no build target for: /home/stefan/Documents/github/Scala/ProjectBSScala/Main.scala
WARN  no build target for: /home/stefan/Documents/github/Scala/ProjectBSScala/Main.scala
WARN  no build target for: /home/stefan/Documents/github/Scala/ProjectBSScala/Main.scala
INFO  shutting down Metals
